TpTrace Verbose: 0 : 24736, 1, 2021/07/16, 16:55:24.249, 1181952248610, datacollector.dll, Version: 16.10.0
TpTrace Information: 0 : 24736, 1, 2021/07/16, 16:55:24.257, 1181952302503, datacollector.dll, DataCollectorMain.Run: Starting data collector run with args: --port,52686,--parentprocessid,28076,--diag,C:\Users\Mounika\Downloads\Collateral_loan Risk\LoanManagementMicroservice\LoanManagementMicroserviceTesting\bin\Debug\net5.0\fine-code-coverage\coverage-tool-output\diagnostics.datacollector.21-07-16_16-55-23_81359_4.log,--tracelevel,4
TpTrace Information: 0 : 24736, 1, 2021/07/16, 16:55:24.257, 1181952306377, datacollector.dll, DataCollector: Monitoring parent process with id: '28076'
TpTrace Information: 0 : 24736, 1, 2021/07/16, 16:55:24.269, 1181952427079, datacollector.dll, Trying to connect to server on socket : 127.0.0.1:52686 
TpTrace Verbose: 0 : 24736, 1, 2021/07/16, 16:55:24.329, 1181953027371, datacollector.dll, SocketCommunicationManager : SetupClientAsync : Attempting to connect to the server.
TpTrace Information: 0 : 24736, 1, 2021/07/16, 16:55:24.344, 1181953174217, datacollector.dll, Connected to the server successfully 
TpTrace Information: 0 : 24736, 1, 2021/07/16, 16:55:24.344, 1181953176252, datacollector.dll, Using the buffer size of 16384 bytes
TpTrace Information: 0 : 24736, 1, 2021/07/16, 16:55:24.573, 1181955467011, datacollector.dll, DataCollector: Start Request Processing.
TpTrace Information: 0 : 24736, 1, 2021/07/16, 16:55:24.603, 1181955760732, datacollector.dll, DataCollectionRequestHandler.ProcessRequests : Datacollector received message: (DataCollection.BeforeTestRunStart) -> {
  "SettingsXml": "<RunSettings><RunConfiguration><ResultsDirectory>C:\\Users\\Mounika\\Downloads\\Collateral_loan Risk\\LoanManagementMicroservice\\LoanManagementMicroserviceTesting\\bin\\Debug\\net5.0\\fine-code-coverage\\coverage-tool-output</ResultsDirectory><TargetPlatform>X64</TargetPlatform><TargetFrameworkVersion>.NETCoreApp,Version=v5.0</TargetFrameworkVersion><DesignMode>False</DesignMode><CollectSourceInformation>False</CollectSourceInformation><TestAdaptersPaths>C:\\Program Files\\dotnet\\sdk\\5.0.302\\Extensions</TestAdaptersPaths></RunConfiguration><LoggerRunSettings><Loggers><Logger friendlyName=\"blame\" enabled=\"True\" /><Logger friendlyName=\"Console\" uri=\"logger://microsoft/TestPlatform/ConsoleLogger/v1\" assemblyQualifiedName=\"Microsoft.VisualStudio.TestPlatform.CommandLine.Internal.ConsoleLogger, vstest.console, Version=15.0.0.0, Culture=neutral, PublicKeyToken=b03f5f7f11d50a3a\" codeBase=\"C:\\Program Files\\dotnet\\sdk\\5.0.302\\vstest.console.dll\" enabled=\"True\" /></Loggers></LoggerRunSettings><DataCollectionRunSettings><DataCollectors><DataCollector friendlyName=\"blame\" enabled=\"True\"><Configuration><ResultsDirectory>C:\\Users\\Mounika\\Downloads\\Collateral_loan Risk\\LoanManagementMicroservice\\LoanManagementMicroserviceTesting\\bin\\Debug\\net5.0\\fine-code-coverage\\coverage-tool-output</ResultsDirectory></Configuration></DataCollector></DataCollectors></DataCollectionRunSettings></RunSettings>",
  "Sources": [
    "C:\\Users\\Mounika\\Downloads\\Collateral_loan Risk\\LoanManagementMicroservice\\LoanManagementMicroserviceTesting\\bin\\Debug\\net5.0\\fine-code-coverage\\build-output\\LoanManagementMicroserviceTesting.dll"
  ],
  "IsTelemetryOptedIn": false
}
TpTrace Verbose: 0 : 24736, 1, 2021/07/16, 16:55:24.706, 1181956797976, datacollector.dll, TestPluginCache: Update extensions started. Skip filter = False
TpTrace Verbose: 0 : 24736, 1, 2021/07/16, 16:55:24.708, 1181956811110, datacollector.dll, TestPluginCache: Using directories for assembly resolution 'C:\Program Files\dotnet\sdk\5.0.302\Extensions'.
TpTrace Verbose: 0 : 24736, 1, 2021/07/16, 16:55:24.708, 1181956812635, datacollector.dll, TestPluginCache: Updated the available extensions to 'C:\Program Files\dotnet\sdk\5.0.302\Extensions\Microsoft.TestPlatform.Extensions.BlameDataCollector.dll,C:\Program Files\dotnet\sdk\5.0.302\Extensions\Microsoft.TestPlatform.Extensions.EventLogCollector.dll'.
TpTrace Verbose: 0 : 24736, 1, 2021/07/16, 16:55:24.725, 1181956980730, datacollector.dll, TestPluginCache.DiscoverTestExtensions: finding test extensions in assemblies ends with: Collector.dll TPluginInfo: Microsoft.VisualStudio.TestPlatform.Common.DataCollector.DataCollectorConfig TExtension: Microsoft.VisualStudio.TestPlatform.ObjectModel.DataCollection.DataCollector
TpTrace Verbose: 0 : 24736, 1, 2021/07/16, 16:55:24.725, 1181956984364, datacollector.dll, TestPluginCache.GetExtensionPaths: Filtered extension paths: C:\Program Files\dotnet\sdk\5.0.302\Extensions\Microsoft.TestPlatform.Extensions.BlameDataCollector.dll
C:\Program Files\dotnet\sdk\5.0.302\Extensions\Microsoft.TestPlatform.Extensions.EventLogCollector.dll
TpTrace Verbose: 0 : 24736, 1, 2021/07/16, 16:55:24.725, 1181956985252, datacollector.dll, TestPluginCache.GetExtensionPaths: Added default extension paths: 
TpTrace Verbose: 0 : 24736, 1, 2021/07/16, 16:55:24.725, 1181956985702, datacollector.dll, TestPluginCache.GetExtensionPaths: Added unfilterableExtensionPaths: 
TpTrace Information: 0 : 24736, 1, 2021/07/16, 16:55:24.726, 1181956994294, datacollector.dll, AssemblyResolver.ctor: Creating AssemblyResolver with searchDirectories C:\Program Files\dotnet\sdk\5.0.302\Extensions,C:\Program Files\dotnet\sdk\5.0.302
TpTrace Verbose: 0 : 24736, 1, 2021/07/16, 16:55:24.728, 1181957010133, datacollector.dll, TestPluginCache.DiscoverTestExtensions: Discovering the extensions using extension path.
TpTrace Verbose: 0 : 24736, 1, 2021/07/16, 16:55:24.728, 1181957012146, datacollector.dll, TestPluginCache.GetExtensionPaths: Filtered extension paths: C:\Program Files\dotnet\sdk\5.0.302\Extensions\Microsoft.TestPlatform.Extensions.BlameDataCollector.dll
C:\Program Files\dotnet\sdk\5.0.302\Extensions\Microsoft.TestPlatform.Extensions.EventLogCollector.dll
TpTrace Verbose: 0 : 24736, 1, 2021/07/16, 16:55:24.728, 1181957012880, datacollector.dll, TestPluginCache.GetExtensionPaths: Added default extension paths: 
TpTrace Verbose: 0 : 24736, 1, 2021/07/16, 16:55:24.728, 1181957013285, datacollector.dll, TestPluginCache.GetExtensionPaths: Added unfilterableExtensionPaths: 
TpTrace Verbose: 0 : 24736, 1, 2021/07/16, 16:55:24.728, 1181957014224, datacollector.dll, TestPluginCache.DiscoverTestExtensions: Discovering the extensions using allExtensionPaths: C:\Program Files\dotnet\sdk\5.0.302\Extensions\Microsoft.TestPlatform.Extensions.BlameDataCollector.dll
C:\Program Files\dotnet\sdk\5.0.302\Extensions\Microsoft.TestPlatform.Extensions.EventLogCollector.dll
TpTrace Information: 0 : 24736, 1, 2021/07/16, 16:55:24.728, 1181957015541, datacollector.dll, AssemblyResolver.AddSearchDirectories: Adding more searchDirectories C:\Program Files\dotnet\sdk\5.0.302\Extensions,C:\Program Files\dotnet\sdk\5.0.302
TpTrace Information: 0 : 24736, 1, 2021/07/16, 16:55:24.728, 1181957016320, datacollector.dll, AssemblyResolver.AddSearchDirectories: Adding more searchDirectories C:\Program Files\dotnet\sdk\5.0.302\Extensions,C:\Program Files\dotnet\sdk\5.0.302
TpTrace Information: 0 : 24736, 1, 2021/07/16, 16:55:24.729, 1181957021281, datacollector.dll, AssemblyResolver.OnResolve: Microsoft.TestPlatform.Extensions.BlameDataCollector: Resolving assembly.
TpTrace Information: 0 : 24736, 1, 2021/07/16, 16:55:24.729, 1181957022321, datacollector.dll, AssemblyResolver.OnResolve: Microsoft.TestPlatform.Extensions.BlameDataCollector: Searching in: 'C:\Program Files\dotnet\sdk\5.0.302\Extensions'.
TpTrace Information: 0 : 24736, 1, 2021/07/16, 16:55:24.729, 1181957027635, datacollector.dll, AssemblyResolver.OnResolve: Microsoft.TestPlatform.Extensions.BlameDataCollector: Loading assembly 'C:\Program Files\dotnet\sdk\5.0.302\Extensions\Microsoft.TestPlatform.Extensions.BlameDataCollector.dll'.
TpTrace Information: 0 : 24736, 1, 2021/07/16, 16:55:24.730, 1181957034963, datacollector.dll, AssemblyResolver.OnResolve: Resolved assembly: Microsoft.TestPlatform.Extensions.BlameDataCollector, from path: C:\Program Files\dotnet\sdk\5.0.302\Extensions\Microsoft.TestPlatform.Extensions.BlameDataCollector.dll
TpTrace Error: 0 : 24736, 1, 2021/07/16, 16:55:24.733, 1181957061798, datacollector.dll, The type "Microsoft.TestPlatform.Extensions.BlameDataCollector.BlameCollector" defined in "Microsoft.TestPlatform.Extensions.BlameDataCollector.dll" does not have ExtensionUri attribute.
TpTrace Information: 0 : 24736, 1, 2021/07/16, 16:55:24.736, 1181957093012, datacollector.dll, AssemblyResolver.OnResolve: Microsoft.TestPlatform.Extensions.EventLogCollector: Resolving assembly.
TpTrace Information: 0 : 24736, 1, 2021/07/16, 16:55:24.736, 1181957094514, datacollector.dll, AssemblyResolver.OnResolve: Microsoft.TestPlatform.Extensions.EventLogCollector: Searching in: 'C:\Program Files\dotnet\sdk\5.0.302\Extensions'.
TpTrace Information: 0 : 24736, 1, 2021/07/16, 16:55:24.737, 1181957100105, datacollector.dll, AssemblyResolver.OnResolve: Microsoft.TestPlatform.Extensions.EventLogCollector: Loading assembly 'C:\Program Files\dotnet\sdk\5.0.302\Extensions\Microsoft.TestPlatform.Extensions.EventLogCollector.dll'.
TpTrace Information: 0 : 24736, 1, 2021/07/16, 16:55:24.737, 1181957107676, datacollector.dll, AssemblyResolver.OnResolve: Resolved assembly: Microsoft.TestPlatform.Extensions.EventLogCollector, from path: C:\Program Files\dotnet\sdk\5.0.302\Extensions\Microsoft.TestPlatform.Extensions.EventLogCollector.dll
TpTrace Error: 0 : 24736, 1, 2021/07/16, 16:55:24.740, 1181957137596, datacollector.dll, The type "Microsoft.TestPlatform.Extensions.EventLogCollector.EventLogDataCollector" defined in "Microsoft.TestPlatform.Extensions.EventLogCollector.dll" does not have ExtensionUri attribute.
TpTrace Verbose: 0 : 24736, 1, 2021/07/16, 16:55:24.741, 1181957144417, datacollector.dll, TestPluginCache: Discovered the extensions using extension path 'C:\Program Files\dotnet\sdk\5.0.302\Extensions\Microsoft.TestPlatform.Extensions.BlameDataCollector.dll,C:\Program Files\dotnet\sdk\5.0.302\Extensions\Microsoft.TestPlatform.Extensions.EventLogCollector.dll'.
TpTrace Verbose: 0 : 24736, 1, 2021/07/16, 16:55:24.741, 1181957145675, datacollector.dll, TestPluginCache: Discoverers are ''.
TpTrace Verbose: 0 : 24736, 1, 2021/07/16, 16:55:24.741, 1181957146422, datacollector.dll, TestPluginCache: Executors are ''.
TpTrace Verbose: 0 : 24736, 1, 2021/07/16, 16:55:24.741, 1181957147018, datacollector.dll, TestPluginCache: Executors2 are ''.
TpTrace Verbose: 0 : 24736, 1, 2021/07/16, 16:55:24.741, 1181957147579, datacollector.dll, TestPluginCache: Setting providers are ''.
TpTrace Verbose: 0 : 24736, 1, 2021/07/16, 16:55:24.741, 1181957148131, datacollector.dll, TestPluginCache: Loggers are ''.
TpTrace Information: 0 : 24736, 1, 2021/07/16, 16:55:24.744, 1181957173588, datacollector.dll, TestPluginManager.CreateTestExtension: Attempting to load test extension: Microsoft.TestPlatform.Extensions.BlameDataCollector.BlameCollector
TpTrace Error: 0 : 24736, 1, 2021/07/16, 16:55:24.745, 1181957182627, datacollector.dll, The type "Microsoft.TestPlatform.Extensions.BlameDataCollector.BlameCollector" defined in "Microsoft.TestPlatform.Extensions.BlameDataCollector.dll" does not have ExtensionUri attribute.
TpTrace Information: 0 : 24736, 1, 2021/07/16, 16:55:24.756, 1181957291369, datacollector.dll, Listening on Endpoint : 127.0.0.1:52688
TpTrace Information: 0 : 24736, 1, 2021/07/16, 16:55:24.772, 1181957452270, datacollector.dll, DataCollectionRequestHandler.ProcessRequests : DataCollection started.
TpTrace Information: 0 : 24736, 1, 2021/07/16, 16:55:24.809, 1181957825262, datacollector.dll, DataCollectionRequestHandler.ProcessRequests : Datacollector received message: (DataCollection.TestHostLaunched) -> {
  "ProcessId": 18568
}
TpTrace Information: 0 : 24736, 7, 2021/07/16, 16:55:25.412, 1181963851380, datacollector.dll, Using the buffer size of 16384 bytes
TpTrace Information: 0 : 24736, 7, 2021/07/16, 16:55:25.412, 1181963852890, datacollector.dll, Accepted Client request and set the flag
TpTrace Information: 0 : 24736, 4, 2021/07/16, 16:55:26.804, 1181977776462, datacollector.dll, DataCollectionTestCaseEventHandler: Test case starting.
TpTrace Information: 0 : 24736, 4, 2021/07/16, 16:55:26.822, 1181977955356, datacollector.dll, Blame Collector : Test Case Start
TpTrace Information: 0 : 24736, 4, 2021/07/16, 16:55:26.827, 1181978007573, datacollector.dll, DataCollectionTestCaseEventHandler: Test case 'ControllerTestFailsaverealestateCollateral(LoanManagementMicroservice.Models.Collateral_Realestate) - b11cd6f2-69ba-b314-5e10-8193f252c2ae' started.
TpTrace Information: 0 : 24736, 4, 2021/07/16, 16:55:27.633, 1181986064534, datacollector.dll, DataCollectionTestCaseEventHandler : Test case completing.
TpTrace Information: 0 : 24736, 4, 2021/07/16, 16:55:27.640, 1181986132731, datacollector.dll, Blame Collector : Test Case End
TpTrace Information: 0 : 24736, 4, 2021/07/16, 16:55:27.647, 1181986205826, datacollector.dll, DataCollectionTestCaseEventHandler: Test case 'ControllerTestFailsaverealestateCollateral(LoanManagementMicroservice.Models.Collateral_Realestate) - b11cd6f2-69ba-b314-5e10-8193f252c2ae' completed
TpTrace Information: 0 : 24736, 4, 2021/07/16, 16:55:27.682, 1181986551760, datacollector.dll, DataCollectionTestCaseEventHandler: Test case starting.
TpTrace Information: 0 : 24736, 4, 2021/07/16, 16:55:27.682, 1181986558768, datacollector.dll, Blame Collector : Test Case Start
TpTrace Error: 0 : 24736, 4, 2021/07/16, 16:55:27.725, 1181986980240, datacollector.dll, DataCollectionEvents.TestCaseStart: Exception occurred while calling handler of type Microsoft.TestPlatform.Extensions.BlameDataCollector.BlameCollector for TestCaseStartEventArgs: System.Reflection.TargetInvocationException: Exception has been thrown by the target of an invocation.
 ---> System.ArgumentException: An item with the same key has already been added. Key: b11cd6f2-69ba-b314-5e10-8193f252c2ae
   at System.Collections.Generic.Dictionary`2.TryInsert(TKey key, TValue value, InsertionBehavior behavior)
   at System.Collections.Generic.Dictionary`2.Add(TKey key, TValue value)
   at Microsoft.TestPlatform.Extensions.BlameDataCollector.BlameCollector.EventsTestCaseStart(Object sender, TestCaseStartEventArgs e)
   --- End of inner exception stack trace ---
   at System.RuntimeMethodHandle.InvokeMethod(Object target, Object[] arguments, Signature sig, Boolean constructor, Boolean wrapExceptions)
   at System.Reflection.RuntimeMethodInfo.Invoke(Object obj, BindingFlags invokeAttr, Binder binder, Object[] parameters, CultureInfo culture)
   at System.Delegate.DynamicInvokeImpl(Object[] args)
   at System.Delegate.DynamicInvoke(Object[] args)
   at Microsoft.VisualStudio.TestPlatform.Utilities.MulticastDelegateUtilities.SafeInvoke(Delegate delegates, Object sender, EventArgs args, String traceDisplayName)
TpTrace Information: 0 : 24736, 4, 2021/07/16, 16:55:27.725, 1181986985986, datacollector.dll, DataCollectionTestCaseEventHandler: Test case 'ControllerTestFailsaverealestateCollateral(LoanManagementMicroservice.Models.Collateral_Realestate) - b11cd6f2-69ba-b314-5e10-8193f252c2ae' started.
TpTrace Information: 0 : 24736, 4, 2021/07/16, 16:55:27.727, 1181987002670, datacollector.dll, DataCollectionTestCaseEventHandler : Test case completing.
TpTrace Information: 0 : 24736, 4, 2021/07/16, 16:55:27.727, 1181987007595, datacollector.dll, Blame Collector : Test Case End
TpTrace Information: 0 : 24736, 4, 2021/07/16, 16:55:27.728, 1181987011216, datacollector.dll, DataCollectionTestCaseEventHandler: Test case 'ControllerTestFailsaverealestateCollateral(LoanManagementMicroservice.Models.Collateral_Realestate) - b11cd6f2-69ba-b314-5e10-8193f252c2ae' completed
TpTrace Information: 0 : 24736, 4, 2021/07/16, 16:55:27.731, 1181987046932, datacollector.dll, DataCollectionTestCaseEventHandler: Test case starting.
TpTrace Information: 0 : 24736, 4, 2021/07/16, 16:55:27.732, 1181987051684, datacollector.dll, Blame Collector : Test Case Start
TpTrace Information: 0 : 24736, 4, 2021/07/16, 16:55:27.732, 1181987055118, datacollector.dll, DataCollectionTestCaseEventHandler: Test case 'ControllerTestPasssaverealestateCollateral(LoanManagementMicroservice.Models.Collateral_Realestate) - d3d22c56-3771-04a6-196f-91596a393b54' started.
TpTrace Information: 0 : 24736, 4, 2021/07/16, 16:55:27.734, 1181987069738, datacollector.dll, DataCollectionTestCaseEventHandler : Test case completing.
TpTrace Information: 0 : 24736, 4, 2021/07/16, 16:55:27.734, 1181987074301, datacollector.dll, Blame Collector : Test Case End
TpTrace Information: 0 : 24736, 4, 2021/07/16, 16:55:27.734, 1181987077425, datacollector.dll, DataCollectionTestCaseEventHandler: Test case 'ControllerTestPasssaverealestateCollateral(LoanManagementMicroservice.Models.Collateral_Realestate) - d3d22c56-3771-04a6-196f-91596a393b54' completed
TpTrace Information: 0 : 24736, 4, 2021/07/16, 16:55:27.736, 1181987094544, datacollector.dll, DataCollectionTestCaseEventHandler: Test case starting.
TpTrace Information: 0 : 24736, 4, 2021/07/16, 16:55:27.737, 1181987101462, datacollector.dll, Blame Collector : Test Case Start
TpTrace Error: 0 : 24736, 4, 2021/07/16, 16:55:27.738, 1181987114987, datacollector.dll, DataCollectionEvents.TestCaseStart: Exception occurred while calling handler of type Microsoft.TestPlatform.Extensions.BlameDataCollector.BlameCollector for TestCaseStartEventArgs: System.Reflection.TargetInvocationException: Exception has been thrown by the target of an invocation.
 ---> System.ArgumentException: An item with the same key has already been added. Key: d3d22c56-3771-04a6-196f-91596a393b54
   at System.Collections.Generic.Dictionary`2.TryInsert(TKey key, TValue value, InsertionBehavior behavior)
   at System.Collections.Generic.Dictionary`2.Add(TKey key, TValue value)
   at Microsoft.TestPlatform.Extensions.BlameDataCollector.BlameCollector.EventsTestCaseStart(Object sender, TestCaseStartEventArgs e)
   --- End of inner exception stack trace ---
   at System.RuntimeMethodHandle.InvokeMethod(Object target, Object[] arguments, Signature sig, Boolean constructor, Boolean wrapExceptions)
   at System.Reflection.RuntimeMethodInfo.Invoke(Object obj, BindingFlags invokeAttr, Binder binder, Object[] parameters, CultureInfo culture)
   at System.Delegate.DynamicInvokeImpl(Object[] args)
   at System.Delegate.DynamicInvoke(Object[] args)
   at Microsoft.VisualStudio.TestPlatform.Utilities.MulticastDelegateUtilities.SafeInvoke(Delegate delegates, Object sender, EventArgs args, String traceDisplayName)
TpTrace Information: 0 : 24736, 4, 2021/07/16, 16:55:27.738, 1181987118673, datacollector.dll, DataCollectionTestCaseEventHandler: Test case 'ControllerTestPasssaverealestateCollateral(LoanManagementMicroservice.Models.Collateral_Realestate) - d3d22c56-3771-04a6-196f-91596a393b54' started.
TpTrace Information: 0 : 24736, 4, 2021/07/16, 16:55:27.740, 1181987134453, datacollector.dll, DataCollectionTestCaseEventHandler : Test case completing.
TpTrace Information: 0 : 24736, 4, 2021/07/16, 16:55:27.741, 1181987141751, datacollector.dll, Blame Collector : Test Case End
TpTrace Information: 0 : 24736, 4, 2021/07/16, 16:55:27.741, 1181987145940, datacollector.dll, DataCollectionTestCaseEventHandler: Test case 'ControllerTestPasssaverealestateCollateral(LoanManagementMicroservice.Models.Collateral_Realestate) - d3d22c56-3771-04a6-196f-91596a393b54' completed
TpTrace Information: 0 : 24736, 4, 2021/07/16, 16:55:27.743, 1181987167906, datacollector.dll, DataCollectionTestCaseEventHandler: Test case starting.
TpTrace Information: 0 : 24736, 4, 2021/07/16, 16:55:27.744, 1181987174566, datacollector.dll, Blame Collector : Test Case Start
TpTrace Information: 0 : 24736, 4, 2021/07/16, 16:55:27.745, 1181987179537, datacollector.dll, DataCollectionTestCaseEventHandler: Test case 'RepositoryFailsaverealestatecollateral(LoanManagementMicroservice.Models.Collateral_Realestate) - 4e22dcf0-03ce-a903-9af3-4ac2d6bbae06' started.
TpTrace Information: 0 : 24736, 4, 2021/07/16, 16:55:28.921, 1181998948117, datacollector.dll, DataCollectionTestCaseEventHandler : Test case completing.
TpTrace Information: 0 : 24736, 4, 2021/07/16, 16:55:28.922, 1181998953768, datacollector.dll, Blame Collector : Test Case End
TpTrace Information: 0 : 24736, 4, 2021/07/16, 16:55:28.922, 1181998956687, datacollector.dll, DataCollectionTestCaseEventHandler: Test case 'RepositoryFailsaverealestatecollateral(LoanManagementMicroservice.Models.Collateral_Realestate) - 4e22dcf0-03ce-a903-9af3-4ac2d6bbae06' completed
TpTrace Information: 0 : 24736, 4, 2021/07/16, 16:55:28.924, 1181998973990, datacollector.dll, DataCollectionTestCaseEventHandler: Test case starting.
TpTrace Information: 0 : 24736, 4, 2021/07/16, 16:55:28.925, 1181998980343, datacollector.dll, Blame Collector : Test Case Start
TpTrace Error: 0 : 24736, 4, 2021/07/16, 16:55:28.926, 1181998994407, datacollector.dll, DataCollectionEvents.TestCaseStart: Exception occurred while calling handler of type Microsoft.TestPlatform.Extensions.BlameDataCollector.BlameCollector for TestCaseStartEventArgs: System.Reflection.TargetInvocationException: Exception has been thrown by the target of an invocation.
 ---> System.ArgumentException: An item with the same key has already been added. Key: 4e22dcf0-03ce-a903-9af3-4ac2d6bbae06
   at System.Collections.Generic.Dictionary`2.TryInsert(TKey key, TValue value, InsertionBehavior behavior)
   at System.Collections.Generic.Dictionary`2.Add(TKey key, TValue value)
   at Microsoft.TestPlatform.Extensions.BlameDataCollector.BlameCollector.EventsTestCaseStart(Object sender, TestCaseStartEventArgs e)
   --- End of inner exception stack trace ---
   at System.RuntimeMethodHandle.InvokeMethod(Object target, Object[] arguments, Signature sig, Boolean constructor, Boolean wrapExceptions)
   at System.Reflection.RuntimeMethodInfo.Invoke(Object obj, BindingFlags invokeAttr, Binder binder, Object[] parameters, CultureInfo culture)
   at System.Delegate.DynamicInvokeImpl(Object[] args)
   at System.Delegate.DynamicInvoke(Object[] args)
   at Microsoft.VisualStudio.TestPlatform.Utilities.MulticastDelegateUtilities.SafeInvoke(Delegate delegates, Object sender, EventArgs args, String traceDisplayName)
TpTrace Information: 0 : 24736, 4, 2021/07/16, 16:55:28.926, 1181998998267, datacollector.dll, DataCollectionTestCaseEventHandler: Test case 'RepositoryFailsaverealestatecollateral(LoanManagementMicroservice.Models.Collateral_Realestate) - 4e22dcf0-03ce-a903-9af3-4ac2d6bbae06' started.
TpTrace Information: 0 : 24736, 4, 2021/07/16, 16:55:29.000, 1181999733369, datacollector.dll, DataCollectionTestCaseEventHandler : Test case completing.
TpTrace Information: 0 : 24736, 4, 2021/07/16, 16:55:29.001, 1181999739255, datacollector.dll, Blame Collector : Test Case End
TpTrace Information: 0 : 24736, 4, 2021/07/16, 16:55:29.001, 1181999746177, datacollector.dll, DataCollectionTestCaseEventHandler: Test case 'RepositoryFailsaverealestatecollateral(LoanManagementMicroservice.Models.Collateral_Realestate) - 4e22dcf0-03ce-a903-9af3-4ac2d6bbae06' completed
TpTrace Information: 0 : 24736, 4, 2021/07/16, 16:55:29.026, 1181999993517, datacollector.dll, DataCollectionTestCaseEventHandler: Test case starting.
TpTrace Information: 0 : 24736, 4, 2021/07/16, 16:55:29.026, 1181999997670, datacollector.dll, Blame Collector : Test Case Start
TpTrace Information: 0 : 24736, 4, 2021/07/16, 16:55:29.029, 1182000019341, datacollector.dll, DataCollectionTestCaseEventHandler: Test case 'RepositoryPasssaverealestatecollateral(LoanManagementMicroservice.Models.Collateral_Realestate) - bea83ee1-1c65-f7d0-0c3d-5037ffa8cb29' started.
TpTrace Information: 0 : 24736, 4, 2021/07/16, 16:55:29.030, 1182000035004, datacollector.dll, DataCollectionTestCaseEventHandler : Test case completing.
TpTrace Information: 0 : 24736, 4, 2021/07/16, 16:55:29.031, 1182000042110, datacollector.dll, Blame Collector : Test Case End
TpTrace Information: 0 : 24736, 4, 2021/07/16, 16:55:29.031, 1182000046227, datacollector.dll, DataCollectionTestCaseEventHandler: Test case 'RepositoryPasssaverealestatecollateral(LoanManagementMicroservice.Models.Collateral_Realestate) - bea83ee1-1c65-f7d0-0c3d-5037ffa8cb29' completed
TpTrace Information: 0 : 24736, 4, 2021/07/16, 16:55:29.033, 1182000064024, datacollector.dll, DataCollectionTestCaseEventHandler: Test case starting.
TpTrace Information: 0 : 24736, 4, 2021/07/16, 16:55:29.034, 1182000071727, datacollector.dll, Blame Collector : Test Case Start
TpTrace Error: 0 : 24736, 4, 2021/07/16, 16:55:29.035, 1182000081517, datacollector.dll, DataCollectionEvents.TestCaseStart: Exception occurred while calling handler of type Microsoft.TestPlatform.Extensions.BlameDataCollector.BlameCollector for TestCaseStartEventArgs: System.Reflection.TargetInvocationException: Exception has been thrown by the target of an invocation.
 ---> System.ArgumentException: An item with the same key has already been added. Key: bea83ee1-1c65-f7d0-0c3d-5037ffa8cb29
   at System.Collections.Generic.Dictionary`2.TryInsert(TKey key, TValue value, InsertionBehavior behavior)
   at System.Collections.Generic.Dictionary`2.Add(TKey key, TValue value)
   at Microsoft.TestPlatform.Extensions.BlameDataCollector.BlameCollector.EventsTestCaseStart(Object sender, TestCaseStartEventArgs e)
   --- End of inner exception stack trace ---
   at System.RuntimeMethodHandle.InvokeMethod(Object target, Object[] arguments, Signature sig, Boolean constructor, Boolean wrapExceptions)
   at System.Reflection.RuntimeMethodInfo.Invoke(Object obj, BindingFlags invokeAttr, Binder binder, Object[] parameters, CultureInfo culture)
   at System.Delegate.DynamicInvokeImpl(Object[] args)
   at System.Delegate.DynamicInvoke(Object[] args)
   at Microsoft.VisualStudio.TestPlatform.Utilities.MulticastDelegateUtilities.SafeInvoke(Delegate delegates, Object sender, EventArgs args, String traceDisplayName)
TpTrace Information: 0 : 24736, 4, 2021/07/16, 16:55:29.035, 1182000085824, datacollector.dll, DataCollectionTestCaseEventHandler: Test case 'RepositoryPasssaverealestatecollateral(LoanManagementMicroservice.Models.Collateral_Realestate) - bea83ee1-1c65-f7d0-0c3d-5037ffa8cb29' started.
TpTrace Information: 0 : 24736, 4, 2021/07/16, 16:55:29.049, 1182000223307, datacollector.dll, DataCollectionTestCaseEventHandler : Test case completing.
TpTrace Information: 0 : 24736, 4, 2021/07/16, 16:55:29.049, 1182000227717, datacollector.dll, Blame Collector : Test Case End
TpTrace Information: 0 : 24736, 4, 2021/07/16, 16:55:29.050, 1182000231082, datacollector.dll, DataCollectionTestCaseEventHandler: Test case 'RepositoryPasssaverealestatecollateral(LoanManagementMicroservice.Models.Collateral_Realestate) - bea83ee1-1c65-f7d0-0c3d-5037ffa8cb29' completed
TpTrace Information: 0 : 24736, 4, 2021/07/16, 16:55:29.063, 1182000363289, datacollector.dll, DataCollectionTestCaseEventHandler: Test case starting.
TpTrace Information: 0 : 24736, 4, 2021/07/16, 16:55:29.063, 1182000368112, datacollector.dll, Blame Collector : Test Case Start
TpTrace Information: 0 : 24736, 4, 2021/07/16, 16:55:29.064, 1182000371255, datacollector.dll, DataCollectionTestCaseEventHandler: Test case 'ControllerTestFailsavecashCollateral(LoanManagementMicroservice.Models.Collateral_CashDeposits) - 48e93e59-bef2-226e-b6e4-efb3ad438ecf' started.
TpTrace Information: 0 : 24736, 4, 2021/07/16, 16:55:29.072, 1182000455665, datacollector.dll, DataCollectionTestCaseEventHandler : Test case completing.
TpTrace Information: 0 : 24736, 4, 2021/07/16, 16:55:29.073, 1182000462986, datacollector.dll, Blame Collector : Test Case End
TpTrace Information: 0 : 24736, 4, 2021/07/16, 16:55:29.073, 1182000466256, datacollector.dll, DataCollectionTestCaseEventHandler: Test case 'ControllerTestFailsavecashCollateral(LoanManagementMicroservice.Models.Collateral_CashDeposits) - 48e93e59-bef2-226e-b6e4-efb3ad438ecf' completed
TpTrace Information: 0 : 24736, 4, 2021/07/16, 16:55:29.075, 1182000481518, datacollector.dll, DataCollectionTestCaseEventHandler: Test case starting.
TpTrace Information: 0 : 24736, 4, 2021/07/16, 16:55:29.075, 1182000485423, datacollector.dll, Blame Collector : Test Case Start
TpTrace Error: 0 : 24736, 4, 2021/07/16, 16:55:29.076, 1182000496862, datacollector.dll, DataCollectionEvents.TestCaseStart: Exception occurred while calling handler of type Microsoft.TestPlatform.Extensions.BlameDataCollector.BlameCollector for TestCaseStartEventArgs: System.Reflection.TargetInvocationException: Exception has been thrown by the target of an invocation.
 ---> System.ArgumentException: An item with the same key has already been added. Key: 48e93e59-bef2-226e-b6e4-efb3ad438ecf
   at System.Collections.Generic.Dictionary`2.TryInsert(TKey key, TValue value, InsertionBehavior behavior)
   at System.Collections.Generic.Dictionary`2.Add(TKey key, TValue value)
   at Microsoft.TestPlatform.Extensions.BlameDataCollector.BlameCollector.EventsTestCaseStart(Object sender, TestCaseStartEventArgs e)
   --- End of inner exception stack trace ---
   at System.RuntimeMethodHandle.InvokeMethod(Object target, Object[] arguments, Signature sig, Boolean constructor, Boolean wrapExceptions)
   at System.Reflection.RuntimeMethodInfo.Invoke(Object obj, BindingFlags invokeAttr, Binder binder, Object[] parameters, CultureInfo culture)
   at System.Delegate.DynamicInvokeImpl(Object[] args)
   at System.Delegate.DynamicInvoke(Object[] args)
   at Microsoft.VisualStudio.TestPlatform.Utilities.MulticastDelegateUtilities.SafeInvoke(Delegate delegates, Object sender, EventArgs args, String traceDisplayName)
TpTrace Information: 0 : 24736, 4, 2021/07/16, 16:55:29.077, 1182000500340, datacollector.dll, DataCollectionTestCaseEventHandler: Test case 'ControllerTestFailsavecashCollateral(LoanManagementMicroservice.Models.Collateral_CashDeposits) - 48e93e59-bef2-226e-b6e4-efb3ad438ecf' started.
TpTrace Information: 0 : 24736, 4, 2021/07/16, 16:55:29.078, 1182000513432, datacollector.dll, DataCollectionTestCaseEventHandler : Test case completing.
TpTrace Information: 0 : 24736, 4, 2021/07/16, 16:55:29.078, 1182000517528, datacollector.dll, Blame Collector : Test Case End
TpTrace Information: 0 : 24736, 4, 2021/07/16, 16:55:29.079, 1182000520739, datacollector.dll, DataCollectionTestCaseEventHandler: Test case 'ControllerTestFailsavecashCollateral(LoanManagementMicroservice.Models.Collateral_CashDeposits) - 48e93e59-bef2-226e-b6e4-efb3ad438ecf' completed
TpTrace Information: 0 : 24736, 4, 2021/07/16, 16:55:29.081, 1182000542179, datacollector.dll, DataCollectionTestCaseEventHandler: Test case starting.
TpTrace Information: 0 : 24736, 4, 2021/07/16, 16:55:29.081, 1182000546160, datacollector.dll, Blame Collector : Test Case Start
TpTrace Information: 0 : 24736, 4, 2021/07/16, 16:55:29.081, 1182000548595, datacollector.dll, DataCollectionTestCaseEventHandler: Test case 'ControllerTestPasssavecashCollateral(LoanManagementMicroservice.Models.Collateral_CashDeposits) - cdd10886-14bd-518d-4851-b456d0595ea0' started.
TpTrace Information: 0 : 24736, 4, 2021/07/16, 16:55:29.083, 1182000561897, datacollector.dll, DataCollectionTestCaseEventHandler : Test case completing.
TpTrace Information: 0 : 24736, 4, 2021/07/16, 16:55:29.083, 1182000565612, datacollector.dll, Blame Collector : Test Case End
TpTrace Information: 0 : 24736, 4, 2021/07/16, 16:55:29.083, 1182000568227, datacollector.dll, DataCollectionTestCaseEventHandler: Test case 'ControllerTestPasssavecashCollateral(LoanManagementMicroservice.Models.Collateral_CashDeposits) - cdd10886-14bd-518d-4851-b456d0595ea0' completed
TpTrace Information: 0 : 24736, 4, 2021/07/16, 16:55:29.097, 1182000700345, datacollector.dll, DataCollectionTestCaseEventHandler: Test case starting.
TpTrace Information: 0 : 24736, 4, 2021/07/16, 16:55:29.097, 1182000703906, datacollector.dll, Blame Collector : Test Case Start
TpTrace Error: 0 : 24736, 4, 2021/07/16, 16:55:29.098, 1182000713164, datacollector.dll, DataCollectionEvents.TestCaseStart: Exception occurred while calling handler of type Microsoft.TestPlatform.Extensions.BlameDataCollector.BlameCollector for TestCaseStartEventArgs: System.Reflection.TargetInvocationException: Exception has been thrown by the target of an invocation.
 ---> System.ArgumentException: An item with the same key has already been added. Key: cdd10886-14bd-518d-4851-b456d0595ea0
   at System.Collections.Generic.Dictionary`2.TryInsert(TKey key, TValue value, InsertionBehavior behavior)
   at System.Collections.Generic.Dictionary`2.Add(TKey key, TValue value)
   at Microsoft.TestPlatform.Extensions.BlameDataCollector.BlameCollector.EventsTestCaseStart(Object sender, TestCaseStartEventArgs e)
   --- End of inner exception stack trace ---
   at System.RuntimeMethodHandle.InvokeMethod(Object target, Object[] arguments, Signature sig, Boolean constructor, Boolean wrapExceptions)
   at System.Reflection.RuntimeMethodInfo.Invoke(Object obj, BindingFlags invokeAttr, Binder binder, Object[] parameters, CultureInfo culture)
   at System.Delegate.DynamicInvokeImpl(Object[] args)
   at System.Delegate.DynamicInvoke(Object[] args)
   at Microsoft.VisualStudio.TestPlatform.Utilities.MulticastDelegateUtilities.SafeInvoke(Delegate delegates, Object sender, EventArgs args, String traceDisplayName)
TpTrace Information: 0 : 24736, 4, 2021/07/16, 16:55:29.098, 1182000717689, datacollector.dll, DataCollectionTestCaseEventHandler: Test case 'ControllerTestPasssavecashCollateral(LoanManagementMicroservice.Models.Collateral_CashDeposits) - cdd10886-14bd-518d-4851-b456d0595ea0' started.
TpTrace Information: 0 : 24736, 4, 2021/07/16, 16:55:29.100, 1182000732432, datacollector.dll, DataCollectionTestCaseEventHandler : Test case completing.
TpTrace Information: 0 : 24736, 4, 2021/07/16, 16:55:29.100, 1182000737171, datacollector.dll, Blame Collector : Test Case End
TpTrace Information: 0 : 24736, 4, 2021/07/16, 16:55:29.101, 1182000741072, datacollector.dll, DataCollectionTestCaseEventHandler: Test case 'ControllerTestPasssavecashCollateral(LoanManagementMicroservice.Models.Collateral_CashDeposits) - cdd10886-14bd-518d-4851-b456d0595ea0' completed
TpTrace Information: 0 : 24736, 4, 2021/07/16, 16:55:29.103, 1182000763134, datacollector.dll, DataCollectionTestCaseEventHandler: Test case starting.
TpTrace Information: 0 : 24736, 4, 2021/07/16, 16:55:29.103, 1182000766488, datacollector.dll, Blame Collector : Test Case Start
TpTrace Information: 0 : 24736, 4, 2021/07/16, 16:55:29.104, 1182000776979, datacollector.dll, DataCollectionTestCaseEventHandler: Test case 'RepositoryFailsavecashcollateral(LoanManagementMicroservice.Models.Collateral_CashDeposits) - c9a8cf50-4970-3d6b-67b6-517f84df9a85' started.
TpTrace Information: 0 : 24736, 4, 2021/07/16, 16:55:29.105, 1182000784948, datacollector.dll, DataCollectionTestCaseEventHandler : Test case completing.
TpTrace Information: 0 : 24736, 4, 2021/07/16, 16:55:29.105, 1182000789114, datacollector.dll, Blame Collector : Test Case End
TpTrace Information: 0 : 24736, 4, 2021/07/16, 16:55:29.106, 1182000792689, datacollector.dll, DataCollectionTestCaseEventHandler: Test case 'RepositoryFailsavecashcollateral(LoanManagementMicroservice.Models.Collateral_CashDeposits) - c9a8cf50-4970-3d6b-67b6-517f84df9a85' completed
TpTrace Information: 0 : 24736, 4, 2021/07/16, 16:55:29.108, 1182000809252, datacollector.dll, DataCollectionTestCaseEventHandler: Test case starting.
TpTrace Information: 0 : 24736, 4, 2021/07/16, 16:55:29.108, 1182000813896, datacollector.dll, Blame Collector : Test Case Start
TpTrace Error: 0 : 24736, 4, 2021/07/16, 16:55:29.109, 1182000825019, datacollector.dll, DataCollectionEvents.TestCaseStart: Exception occurred while calling handler of type Microsoft.TestPlatform.Extensions.BlameDataCollector.BlameCollector for TestCaseStartEventArgs: System.Reflection.TargetInvocationException: Exception has been thrown by the target of an invocation.
 ---> System.ArgumentException: An item with the same key has already been added. Key: c9a8cf50-4970-3d6b-67b6-517f84df9a85
   at System.Collections.Generic.Dictionary`2.TryInsert(TKey key, TValue value, InsertionBehavior behavior)
   at System.Collections.Generic.Dictionary`2.Add(TKey key, TValue value)
   at Microsoft.TestPlatform.Extensions.BlameDataCollector.BlameCollector.EventsTestCaseStart(Object sender, TestCaseStartEventArgs e)
   --- End of inner exception stack trace ---
   at System.RuntimeMethodHandle.InvokeMethod(Object target, Object[] arguments, Signature sig, Boolean constructor, Boolean wrapExceptions)
   at System.Reflection.RuntimeMethodInfo.Invoke(Object obj, BindingFlags invokeAttr, Binder binder, Object[] parameters, CultureInfo culture)
   at System.Delegate.DynamicInvokeImpl(Object[] args)
   at System.Delegate.DynamicInvoke(Object[] args)
   at Microsoft.VisualStudio.TestPlatform.Utilities.MulticastDelegateUtilities.SafeInvoke(Delegate delegates, Object sender, EventArgs args, String traceDisplayName)
TpTrace Information: 0 : 24736, 4, 2021/07/16, 16:55:29.109, 1182000829130, datacollector.dll, DataCollectionTestCaseEventHandler: Test case 'RepositoryFailsavecashcollateral(LoanManagementMicroservice.Models.Collateral_CashDeposits) - c9a8cf50-4970-3d6b-67b6-517f84df9a85' started.
TpTrace Information: 0 : 24736, 4, 2021/07/16, 16:55:29.111, 1182000843225, datacollector.dll, DataCollectionTestCaseEventHandler : Test case completing.
TpTrace Information: 0 : 24736, 4, 2021/07/16, 16:55:29.111, 1182000847377, datacollector.dll, Blame Collector : Test Case End
TpTrace Information: 0 : 24736, 4, 2021/07/16, 16:55:29.112, 1182000850470, datacollector.dll, DataCollectionTestCaseEventHandler: Test case 'RepositoryFailsavecashcollateral(LoanManagementMicroservice.Models.Collateral_CashDeposits) - c9a8cf50-4970-3d6b-67b6-517f84df9a85' completed
TpTrace Information: 0 : 24736, 4, 2021/07/16, 16:55:29.113, 1182000869207, datacollector.dll, DataCollectionTestCaseEventHandler: Test case starting.
TpTrace Information: 0 : 24736, 4, 2021/07/16, 16:55:29.114, 1182000875006, datacollector.dll, Blame Collector : Test Case Start
TpTrace Information: 0 : 24736, 4, 2021/07/16, 16:55:29.114, 1182000877822, datacollector.dll, DataCollectionTestCaseEventHandler: Test case 'RepositoryPasssavecashcollateral(LoanManagementMicroservice.Models.Collateral_CashDeposits) - e6593065-7cdf-19c9-5419-808d9f091299' started.
TpTrace Information: 0 : 24736, 4, 2021/07/16, 16:55:29.115, 1182000888712, datacollector.dll, DataCollectionTestCaseEventHandler : Test case completing.
TpTrace Information: 0 : 24736, 4, 2021/07/16, 16:55:29.116, 1182000893082, datacollector.dll, Blame Collector : Test Case End
TpTrace Information: 0 : 24736, 4, 2021/07/16, 16:55:29.116, 1182000895804, datacollector.dll, DataCollectionTestCaseEventHandler: Test case 'RepositoryPasssavecashcollateral(LoanManagementMicroservice.Models.Collateral_CashDeposits) - e6593065-7cdf-19c9-5419-808d9f091299' completed
TpTrace Information: 0 : 24736, 4, 2021/07/16, 16:55:29.120, 1182000938230, datacollector.dll, DataCollectionTestCaseEventHandler: Test case starting.
TpTrace Information: 0 : 24736, 4, 2021/07/16, 16:55:29.122, 1182000952149, datacollector.dll, Blame Collector : Test Case Start
TpTrace Error: 0 : 24736, 4, 2021/07/16, 16:55:29.123, 1182000964065, datacollector.dll, DataCollectionEvents.TestCaseStart: Exception occurred while calling handler of type Microsoft.TestPlatform.Extensions.BlameDataCollector.BlameCollector for TestCaseStartEventArgs: System.Reflection.TargetInvocationException: Exception has been thrown by the target of an invocation.
 ---> System.ArgumentException: An item with the same key has already been added. Key: e6593065-7cdf-19c9-5419-808d9f091299
   at System.Collections.Generic.Dictionary`2.TryInsert(TKey key, TValue value, InsertionBehavior behavior)
   at System.Collections.Generic.Dictionary`2.Add(TKey key, TValue value)
   at Microsoft.TestPlatform.Extensions.BlameDataCollector.BlameCollector.EventsTestCaseStart(Object sender, TestCaseStartEventArgs e)
   --- End of inner exception stack trace ---
   at System.RuntimeMethodHandle.InvokeMethod(Object target, Object[] arguments, Signature sig, Boolean constructor, Boolean wrapExceptions)
   at System.Reflection.RuntimeMethodInfo.Invoke(Object obj, BindingFlags invokeAttr, Binder binder, Object[] parameters, CultureInfo culture)
   at System.Delegate.DynamicInvokeImpl(Object[] args)
   at System.Delegate.DynamicInvoke(Object[] args)
   at Microsoft.VisualStudio.TestPlatform.Utilities.MulticastDelegateUtilities.SafeInvoke(Delegate delegates, Object sender, EventArgs args, String traceDisplayName)
TpTrace Information: 0 : 24736, 4, 2021/07/16, 16:55:29.123, 1182000967944, datacollector.dll, DataCollectionTestCaseEventHandler: Test case 'RepositoryPasssavecashcollateral(LoanManagementMicroservice.Models.Collateral_CashDeposits) - e6593065-7cdf-19c9-5419-808d9f091299' started.
TpTrace Information: 0 : 24736, 4, 2021/07/16, 16:55:29.125, 1182000983037, datacollector.dll, DataCollectionTestCaseEventHandler : Test case completing.
TpTrace Information: 0 : 24736, 4, 2021/07/16, 16:55:29.125, 1182000988501, datacollector.dll, Blame Collector : Test Case End
TpTrace Information: 0 : 24736, 4, 2021/07/16, 16:55:29.126, 1182000991539, datacollector.dll, DataCollectionTestCaseEventHandler: Test case 'RepositoryPasssavecashcollateral(LoanManagementMicroservice.Models.Collateral_CashDeposits) - e6593065-7cdf-19c9-5419-808d9f091299' completed
TpTrace Information: 0 : 24736, 4, 2021/07/16, 16:55:29.128, 1182001012323, datacollector.dll, DataCollectionTestCaseEventHandler: Test case starting.
TpTrace Information: 0 : 24736, 4, 2021/07/16, 16:55:29.128, 1182001016791, datacollector.dll, Blame Collector : Test Case Start
TpTrace Information: 0 : 24736, 4, 2021/07/16, 16:55:29.129, 1182001020329, datacollector.dll, DataCollectionTestCaseEventHandler: Test case 'ControllerTestFailgetLoanDetails(-1,-11) - ac203613-a951-eeec-1127-a1e4a1935821' started.
TpTrace Information: 0 : 24736, 4, 2021/07/16, 16:55:29.130, 1182001033723, datacollector.dll, DataCollectionTestCaseEventHandler : Test case completing.
TpTrace Information: 0 : 24736, 4, 2021/07/16, 16:55:29.130, 1182001038250, datacollector.dll, Blame Collector : Test Case End
TpTrace Information: 0 : 24736, 4, 2021/07/16, 16:55:29.131, 1182001041739, datacollector.dll, DataCollectionTestCaseEventHandler: Test case 'ControllerTestFailgetLoanDetails(-1,-11) - ac203613-a951-eeec-1127-a1e4a1935821' completed
TpTrace Information: 0 : 24736, 4, 2021/07/16, 16:55:29.133, 1182001060428, datacollector.dll, DataCollectionTestCaseEventHandler: Test case starting.
TpTrace Information: 0 : 24736, 4, 2021/07/16, 16:55:29.133, 1182001064645, datacollector.dll, Blame Collector : Test Case Start
TpTrace Information: 0 : 24736, 4, 2021/07/16, 16:55:29.133, 1182001067844, datacollector.dll, DataCollectionTestCaseEventHandler: Test case 'ControllerTestFailgetLoanDetails(12,24) - dedf8d3b-dda4-0e8f-ab2e-bdbfcbd82348' started.
TpTrace Information: 0 : 24736, 4, 2021/07/16, 16:55:29.135, 1182001082542, datacollector.dll, DataCollectionTestCaseEventHandler : Test case completing.
TpTrace Information: 0 : 24736, 4, 2021/07/16, 16:55:29.135, 1182001086596, datacollector.dll, Blame Collector : Test Case End
TpTrace Information: 0 : 24736, 4, 2021/07/16, 16:55:29.136, 1182001090843, datacollector.dll, DataCollectionTestCaseEventHandler: Test case 'ControllerTestFailgetLoanDetails(12,24) - dedf8d3b-dda4-0e8f-ab2e-bdbfcbd82348' completed
TpTrace Information: 0 : 24736, 4, 2021/07/16, 16:55:29.138, 1182001110081, datacollector.dll, DataCollectionTestCaseEventHandler: Test case starting.
TpTrace Information: 0 : 24736, 4, 2021/07/16, 16:55:29.138, 1182001114267, datacollector.dll, Blame Collector : Test Case Start
TpTrace Information: 0 : 24736, 4, 2021/07/16, 16:55:29.138, 1182001117480, datacollector.dll, DataCollectionTestCaseEventHandler: Test case 'ControllerTestPassgetLoanDetails(1,101) - 9228b5fd-bd6e-a0ab-c958-9a1afab3c12c' started.
TpTrace Information: 0 : 24736, 4, 2021/07/16, 16:55:29.140, 1182001132092, datacollector.dll, DataCollectionTestCaseEventHandler : Test case completing.
TpTrace Information: 0 : 24736, 4, 2021/07/16, 16:55:29.140, 1182001137882, datacollector.dll, Blame Collector : Test Case End
TpTrace Information: 0 : 24736, 4, 2021/07/16, 16:55:29.141, 1182001146166, datacollector.dll, DataCollectionTestCaseEventHandler: Test case 'ControllerTestPassgetLoanDetails(1,101) - 9228b5fd-bd6e-a0ab-c958-9a1afab3c12c' completed
TpTrace Information: 0 : 24736, 4, 2021/07/16, 16:55:29.143, 1182001164383, datacollector.dll, DataCollectionTestCaseEventHandler: Test case starting.
TpTrace Information: 0 : 24736, 4, 2021/07/16, 16:55:29.144, 1182001169491, datacollector.dll, Blame Collector : Test Case Start
TpTrace Information: 0 : 24736, 4, 2021/07/16, 16:55:29.144, 1182001172481, datacollector.dll, DataCollectionTestCaseEventHandler: Test case 'ControllerTestPassgetLoanDetails(2,102) - 27e0163c-8b72-10ef-7a9c-3de5f094dbd6' started.
TpTrace Information: 0 : 24736, 4, 2021/07/16, 16:55:29.146, 1182001195720, datacollector.dll, DataCollectionTestCaseEventHandler : Test case completing.
TpTrace Information: 0 : 24736, 4, 2021/07/16, 16:55:29.147, 1182001200828, datacollector.dll, Blame Collector : Test Case End
TpTrace Information: 0 : 24736, 4, 2021/07/16, 16:55:29.147, 1182001204546, datacollector.dll, DataCollectionTestCaseEventHandler: Test case 'ControllerTestPassgetLoanDetails(2,102) - 27e0163c-8b72-10ef-7a9c-3de5f094dbd6' completed
TpTrace Information: 0 : 24736, 4, 2021/07/16, 16:55:29.150, 1182001238268, datacollector.dll, DataCollectionTestCaseEventHandler: Test case starting.
TpTrace Information: 0 : 24736, 4, 2021/07/16, 16:55:29.151, 1182001247058, datacollector.dll, Blame Collector : Test Case Start
TpTrace Information: 0 : 24736, 4, 2021/07/16, 16:55:29.152, 1182001251318, datacollector.dll, DataCollectionTestCaseEventHandler: Test case 'RepositoryFailgetLoanDetails(1,102) - ef039bd2-0885-b32c-9c90-aad7a4b81856' started.
TpTrace Information: 0 : 24736, 4, 2021/07/16, 16:55:29.324, 1182002973612, datacollector.dll, DataCollectionTestCaseEventHandler : Test case completing.
TpTrace Information: 0 : 24736, 4, 2021/07/16, 16:55:29.324, 1182002977485, datacollector.dll, Blame Collector : Test Case End
TpTrace Information: 0 : 24736, 4, 2021/07/16, 16:55:29.325, 1182002980907, datacollector.dll, DataCollectionTestCaseEventHandler: Test case 'RepositoryFailgetLoanDetails(1,102) - ef039bd2-0885-b32c-9c90-aad7a4b81856' completed
TpTrace Information: 0 : 24736, 4, 2021/07/16, 16:55:29.326, 1182002994883, datacollector.dll, DataCollectionTestCaseEventHandler: Test case starting.
TpTrace Information: 0 : 24736, 4, 2021/07/16, 16:55:29.326, 1182002999120, datacollector.dll, Blame Collector : Test Case Start
TpTrace Information: 0 : 24736, 4, 2021/07/16, 16:55:29.327, 1182003001706, datacollector.dll, DataCollectionTestCaseEventHandler: Test case 'RepositoryFailgetLoanDetails(5,7) - c5cad299-045c-2404-9fb8-0406e76d06db' started.
TpTrace Information: 0 : 24736, 4, 2021/07/16, 16:55:29.330, 1182003038663, datacollector.dll, DataCollectionTestCaseEventHandler : Test case completing.
TpTrace Information: 0 : 24736, 4, 2021/07/16, 16:55:29.331, 1182003046598, datacollector.dll, Blame Collector : Test Case End
TpTrace Information: 0 : 24736, 4, 2021/07/16, 16:55:29.332, 1182003051302, datacollector.dll, DataCollectionTestCaseEventHandler: Test case 'RepositoryFailgetLoanDetails(5,7) - c5cad299-045c-2404-9fb8-0406e76d06db' completed
TpTrace Information: 0 : 24736, 4, 2021/07/16, 16:55:29.333, 1182003066777, datacollector.dll, DataCollectionTestCaseEventHandler: Test case starting.
TpTrace Information: 0 : 24736, 4, 2021/07/16, 16:55:29.334, 1182003070553, datacollector.dll, Blame Collector : Test Case Start
TpTrace Information: 0 : 24736, 4, 2021/07/16, 16:55:29.334, 1182003073184, datacollector.dll, DataCollectionTestCaseEventHandler: Test case 'RepositoryPassgetLoanDetails(1,101) - 788ba24e-2bdb-74a7-a948-731fe55a9125' started.
TpTrace Information: 0 : 24736, 4, 2021/07/16, 16:55:29.336, 1182003095279, datacollector.dll, DataCollectionTestCaseEventHandler : Test case completing.
TpTrace Information: 0 : 24736, 4, 2021/07/16, 16:55:29.337, 1182003100766, datacollector.dll, Blame Collector : Test Case End
TpTrace Information: 0 : 24736, 4, 2021/07/16, 16:55:29.337, 1182003104390, datacollector.dll, DataCollectionTestCaseEventHandler: Test case 'RepositoryPassgetLoanDetails(1,101) - 788ba24e-2bdb-74a7-a948-731fe55a9125' completed
TpTrace Information: 0 : 24736, 4, 2021/07/16, 16:55:29.338, 1182003119202, datacollector.dll, DataCollectionTestCaseEventHandler: Test case starting.
TpTrace Information: 0 : 24736, 4, 2021/07/16, 16:55:29.339, 1182003123370, datacollector.dll, Blame Collector : Test Case Start
TpTrace Information: 0 : 24736, 4, 2021/07/16, 16:55:29.339, 1182003126374, datacollector.dll, DataCollectionTestCaseEventHandler: Test case 'RepositoryPassgetLoanDetails(2,102) - 96714503-539e-8fc7-448d-5537794d6042' started.
TpTrace Information: 0 : 24736, 4, 2021/07/16, 16:55:29.341, 1182003142773, datacollector.dll, DataCollectionTestCaseEventHandler : Test case completing.
TpTrace Information: 0 : 24736, 4, 2021/07/16, 16:55:29.344, 1182003169508, datacollector.dll, Blame Collector : Test Case End
TpTrace Information: 0 : 24736, 4, 2021/07/16, 16:55:29.344, 1182003173800, datacollector.dll, DataCollectionTestCaseEventHandler: Test case 'RepositoryPassgetLoanDetails(2,102) - 96714503-539e-8fc7-448d-5537794d6042' completed
TpTrace Information: 0 : 24736, 4, 2021/07/16, 16:55:29.379, 1182003524125, datacollector.dll, DataCollectionTestCaseEventHandler: Test session ended
TpTrace Information: 0 : 24736, 1, 2021/07/16, 16:55:29.483, 1182004567690, datacollector.dll, DataCollectionRequestHandler.ProcessRequests : Datacollector received message: (DataCollection.AfterTestRunEnd) -> false
TpTrace Information: 0 : 24736, 1, 2021/07/16, 16:55:29.485, 1182004579271, datacollector.dll, Blame Collector : Session End
TpTrace Information: 0 : 24736, 1, 2021/07/16, 16:55:29.485, 1182004580620, datacollector.dll, BlameCollector.CollectDumpAndAbortTesthost: Custom path to dump directory was provided via VSTEST_DUMP_PATH. Skipping attachment upload, the caller is responsible for collecting and uploading the dumps themselves.
TpTrace Information: 0 : 24736, 1, 2021/07/16, 16:55:29.485, 1182004583004, datacollector.dll, DataCollectionManager.CleanupPlugins: CleanupPlugins called
TpTrace Verbose: 0 : 24736, 1, 2021/07/16, 16:55:29.485, 1182004583963, datacollector.dll, DataCollectionManager.CleanupPlugins: Cleaning up 1 plugins
TpTrace Verbose: 0 : 24736, 1, 2021/07/16, 16:55:29.485, 1182004586534, datacollector.dll, dataCollectorInfo.DisposeDataCollector: calling Dispose() on Microsoft.TestPlatform.Extensions.BlameDataCollector.BlameCollector
TpTrace Information: 0 : 24736, 1, 2021/07/16, 16:55:29.485, 1182004588248, datacollector.dll, DataCollectionManager.CleanupPlugins: CleanupPlugins finished
TpTrace Information: 0 : 24736, 1, 2021/07/16, 16:55:29.491, 1182004644892, datacollector.dll, DataCollectionRequestHandler.ProcessRequests : Session End message received from server. Closing the connection.
TpTrace Information: 0 : 24736, 1, 2021/07/16, 16:55:29.491, 1182004648176, datacollector.dll, Closing the connection !
TpTrace Information: 0 : 24736, 1, 2021/07/16, 16:55:29.491, 1182004649170, datacollector.dll, DataCollectionRequestHandler.ProcessRequests : DataCollection completed
TpTrace Information: 0 : 24736, 1, 2021/07/16, 16:55:29.492, 1182004649861, datacollector.dll, Program.Main: exiting datacollector process.
