TpTrace Verbose: 0 : 28076, 1, 2021/07/16, 16:55:23.500, 1181944750093, vstest.console.dll, Version: 16.10.0
TpTrace Information: 0 : 28076, 1, 2021/07/16, 16:55:23.525, 1181944980472, vstest.console.dll, FilePatternParser: The given file C:\Users\Mounika\Downloads\Collateral_loan Risk\LoanManagementMicroservice\LoanManagementMicroserviceTesting\bin\Debug\net5.0\fine-code-coverage\build-output\LoanManagementMicroserviceTesting.dll is a full path.
TpTrace Verbose: 0 : 28076, 1, 2021/07/16, 16:55:23.541, 1181945147438, vstest.console.dll, TestPluginCache.DiscoverTestExtensions: finding test extensions in assemblies ends with: RuntimeProvider.dll TPluginInfo: Microsoft.VisualStudio.TestPlatform.Common.ExtensionFramework.Utilities.TestRuntimePluginInformation TExtension: Microsoft.VisualStudio.TestPlatform.ObjectModel.Host.ITestRuntimeProvider
TpTrace Verbose: 0 : 28076, 1, 2021/07/16, 16:55:23.544, 1181945170787, vstest.console.dll, TestPluginCache.GetExtensionPaths: Filtered extension paths: 
TpTrace Verbose: 0 : 28076, 1, 2021/07/16, 16:55:23.544, 1181945175052, vstest.console.dll, TestPluginCache.GetExtensionPaths: Added default extension paths: C:\Program Files\dotnet\sdk\5.0.302\Extensions\Microsoft.Diagnostics.NETCore.Client.dll
C:\Program Files\dotnet\sdk\5.0.302\Extensions\Microsoft.TestPlatform.Extensions.BlameDataCollector.dll
C:\Program Files\dotnet\sdk\5.0.302\Extensions\Microsoft.TestPlatform.Extensions.EventLogCollector.dll
C:\Program Files\dotnet\sdk\5.0.302\Extensions\Microsoft.TestPlatform.TestHostRuntimeProvider.dll
C:\Program Files\dotnet\sdk\5.0.302\Extensions\Microsoft.VisualStudio.TestPlatform.Extensions.Html.TestLogger.dll
C:\Program Files\dotnet\sdk\5.0.302\Extensions\Microsoft.VisualStudio.TestPlatform.Extensions.Trx.TestLogger.dll
TpTrace Verbose: 0 : 28076, 1, 2021/07/16, 16:55:23.544, 1181945176380, vstest.console.dll, TestPluginCache.GetExtensionPaths: Added unfilterableExtensionPaths: 
TpTrace Information: 0 : 28076, 1, 2021/07/16, 16:55:23.546, 1181945196855, vstest.console.dll, AssemblyResolver.ctor: Creating AssemblyResolver with searchDirectories C:\Program Files\dotnet\sdk\5.0.302\Extensions,C:\Program Files\dotnet\sdk\5.0.302
TpTrace Verbose: 0 : 28076, 1, 2021/07/16, 16:55:23.548, 1181945217115, vstest.console.dll, TestPluginCache.DiscoverTestExtensions: Discovering the extensions using extension path.
TpTrace Verbose: 0 : 28076, 1, 2021/07/16, 16:55:23.549, 1181945220078, vstest.console.dll, TestPluginCache.GetExtensionPaths: Filtered extension paths: 
TpTrace Verbose: 0 : 28076, 1, 2021/07/16, 16:55:23.549, 1181945221073, vstest.console.dll, TestPluginCache.GetExtensionPaths: Added default extension paths: C:\Program Files\dotnet\sdk\5.0.302\Extensions\Microsoft.Diagnostics.NETCore.Client.dll
C:\Program Files\dotnet\sdk\5.0.302\Extensions\Microsoft.TestPlatform.Extensions.BlameDataCollector.dll
C:\Program Files\dotnet\sdk\5.0.302\Extensions\Microsoft.TestPlatform.Extensions.EventLogCollector.dll
C:\Program Files\dotnet\sdk\5.0.302\Extensions\Microsoft.TestPlatform.TestHostRuntimeProvider.dll
C:\Program Files\dotnet\sdk\5.0.302\Extensions\Microsoft.VisualStudio.TestPlatform.Extensions.Html.TestLogger.dll
C:\Program Files\dotnet\sdk\5.0.302\Extensions\Microsoft.VisualStudio.TestPlatform.Extensions.Trx.TestLogger.dll
TpTrace Verbose: 0 : 28076, 1, 2021/07/16, 16:55:23.549, 1181945222310, vstest.console.dll, TestPluginCache.GetExtensionPaths: Added unfilterableExtensionPaths: 
TpTrace Verbose: 0 : 28076, 1, 2021/07/16, 16:55:23.549, 1181945223910, vstest.console.dll, TestPluginCache.DiscoverTestExtensions: Discovering the extensions using allExtensionPaths: C:\Program Files\dotnet\sdk\5.0.302\Extensions\Microsoft.Diagnostics.NETCore.Client.dll
C:\Program Files\dotnet\sdk\5.0.302\Extensions\Microsoft.TestPlatform.Extensions.BlameDataCollector.dll
C:\Program Files\dotnet\sdk\5.0.302\Extensions\Microsoft.TestPlatform.Extensions.EventLogCollector.dll
C:\Program Files\dotnet\sdk\5.0.302\Extensions\Microsoft.TestPlatform.TestHostRuntimeProvider.dll
C:\Program Files\dotnet\sdk\5.0.302\Extensions\Microsoft.VisualStudio.TestPlatform.Extensions.Html.TestLogger.dll
C:\Program Files\dotnet\sdk\5.0.302\Extensions\Microsoft.VisualStudio.TestPlatform.Extensions.Trx.TestLogger.dll
TpTrace Information: 0 : 28076, 1, 2021/07/16, 16:55:23.549, 1181945226980, vstest.console.dll, AssemblyResolver.AddSearchDirectories: Adding more searchDirectories C:\Program Files\dotnet\sdk\5.0.302\Extensions,C:\Program Files\dotnet\sdk\5.0.302
TpTrace Information: 0 : 28076, 1, 2021/07/16, 16:55:23.549, 1181945228018, vstest.console.dll, AssemblyResolver.AddSearchDirectories: Adding more searchDirectories C:\Program Files\dotnet\sdk\5.0.302\Extensions,C:\Program Files\dotnet\sdk\5.0.302
TpTrace Information: 0 : 28076, 1, 2021/07/16, 16:55:23.549, 1181945228714, vstest.console.dll, AssemblyResolver.AddSearchDirectories: Adding more searchDirectories C:\Program Files\dotnet\sdk\5.0.302\Extensions,C:\Program Files\dotnet\sdk\5.0.302
TpTrace Information: 0 : 28076, 1, 2021/07/16, 16:55:23.550, 1181945229618, vstest.console.dll, AssemblyResolver.AddSearchDirectories: Adding more searchDirectories C:\Program Files\dotnet\sdk\5.0.302\Extensions,C:\Program Files\dotnet\sdk\5.0.302
TpTrace Information: 0 : 28076, 1, 2021/07/16, 16:55:23.550, 1181945230581, vstest.console.dll, AssemblyResolver.AddSearchDirectories: Adding more searchDirectories C:\Program Files\dotnet\sdk\5.0.302\Extensions,C:\Program Files\dotnet\sdk\5.0.302
TpTrace Information: 0 : 28076, 1, 2021/07/16, 16:55:23.550, 1181945231104, vstest.console.dll, AssemblyResolver.AddSearchDirectories: Adding more searchDirectories C:\Program Files\dotnet\sdk\5.0.302\Extensions,C:\Program Files\dotnet\sdk\5.0.302
TpTrace Information: 0 : 28076, 1, 2021/07/16, 16:55:23.552, 1181945257769, vstest.console.dll, AssemblyResolver.OnResolve: Microsoft.Diagnostics.NETCore.Client: Resolving assembly.
TpTrace Information: 0 : 28076, 1, 2021/07/16, 16:55:23.553, 1181945260275, vstest.console.dll, AssemblyResolver.OnResolve: Microsoft.Diagnostics.NETCore.Client: Searching in: 'C:\Program Files\dotnet\sdk\5.0.302\Extensions'.
TpTrace Information: 0 : 28076, 1, 2021/07/16, 16:55:23.554, 1181945276241, vstest.console.dll, AssemblyResolver.OnResolve: Microsoft.Diagnostics.NETCore.Client: Loading assembly 'C:\Program Files\dotnet\sdk\5.0.302\Extensions\Microsoft.Diagnostics.NETCore.Client.dll'.
TpTrace Information: 0 : 28076, 1, 2021/07/16, 16:55:23.557, 1181945306685, vstest.console.dll, AssemblyResolver.OnResolve: Resolved assembly: Microsoft.Diagnostics.NETCore.Client, from path: C:\Program Files\dotnet\sdk\5.0.302\Extensions\Microsoft.Diagnostics.NETCore.Client.dll
TpTrace Information: 0 : 28076, 1, 2021/07/16, 16:55:23.565, 1181945381886, vstest.console.dll, AssemblyResolver.OnResolve: Microsoft.Bcl.AsyncInterfaces: Resolving assembly.
TpTrace Information: 0 : 28076, 1, 2021/07/16, 16:55:23.565, 1181945383489, vstest.console.dll, AssemblyResolver.OnResolve: Microsoft.Bcl.AsyncInterfaces: Searching in: 'C:\Program Files\dotnet\sdk\5.0.302\Extensions'.
TpTrace Information: 0 : 28076, 1, 2021/07/16, 16:55:23.565, 1181945384825, vstest.console.dll, AssemblyResolver.OnResolve: Microsoft.Bcl.AsyncInterfaces: Assembly path does not exist: 'C:\Program Files\dotnet\sdk\5.0.302\Extensions\Microsoft.Bcl.AsyncInterfaces.dll', returning.
TpTrace Information: 0 : 28076, 1, 2021/07/16, 16:55:23.565, 1181945386380, vstest.console.dll, AssemblyResolver.OnResolve: Microsoft.Bcl.AsyncInterfaces: Assembly path does not exist: 'C:\Program Files\dotnet\sdk\5.0.302\Extensions\Microsoft.Bcl.AsyncInterfaces.exe', returning.
TpTrace Information: 0 : 28076, 1, 2021/07/16, 16:55:23.565, 1181945387019, vstest.console.dll, AssemblyResolver.OnResolve: Microsoft.Bcl.AsyncInterfaces: Searching in: 'C:\Program Files\dotnet\sdk\5.0.302'.
TpTrace Information: 0 : 28076, 1, 2021/07/16, 16:55:23.565, 1181945388045, vstest.console.dll, AssemblyResolver.OnResolve: Microsoft.Bcl.AsyncInterfaces: Assembly path does not exist: 'C:\Program Files\dotnet\sdk\5.0.302\Microsoft.Bcl.AsyncInterfaces.dll', returning.
TpTrace Information: 0 : 28076, 1, 2021/07/16, 16:55:23.566, 1181945389954, vstest.console.dll, AssemblyResolver.OnResolve: Microsoft.Bcl.AsyncInterfaces: Assembly path does not exist: 'C:\Program Files\dotnet\sdk\5.0.302\Microsoft.Bcl.AsyncInterfaces.exe', returning.
TpTrace Information: 0 : 28076, 1, 2021/07/16, 16:55:23.566, 1181945390724, vstest.console.dll, AssemblyResolver.OnResolve: Microsoft.Bcl.AsyncInterfaces: Failed to load assembly.
TpTrace Verbose: 0 : 28076, 1, 2021/07/16, 16:55:23.566, 1181945391412, vstest.console.dll, CurrentDomainAssemblyResolve: Resolving assembly 'Microsoft.Bcl.AsyncInterfaces'.
TpTrace Information: 0 : 28076, 1, 2021/07/16, 16:55:23.566, 1181945392766, vstest.console.dll, AssemblyResolver.OnResolve: Microsoft.Bcl.AsyncInterfaces: Resolving assembly.
TpTrace Information: 0 : 28076, 1, 2021/07/16, 16:55:23.566, 1181945393689, vstest.console.dll, AssemblyResolver.OnResolve: Microsoft.Bcl.AsyncInterfaces: Resolved from cache.
TpTrace Verbose: 0 : 28076, 1, 2021/07/16, 16:55:23.566, 1181945394468, vstest.console.dll, CurrentDomainAssemblyResolve: Resolving assembly 'Microsoft.Bcl.AsyncInterfaces'.
TpTrace Verbose: 0 : 28076, 1, 2021/07/16, 16:55:23.566, 1181945395222, vstest.console.dll, CurrentDomainAssemblyResolve: Failed to resolve assembly 'Microsoft.Bcl.AsyncInterfaces'.
TpTrace Verbose: 0 : 28076, 1, 2021/07/16, 16:55:23.570, 1181945430441, vstest.console.dll, CurrentDomainAssemblyResolve: Failed to resolve assembly 'Microsoft.Bcl.AsyncInterfaces'.
TpTrace Warning: 0 : 28076, 1, 2021/07/16, 16:55:23.619, 1181945928859, vstest.console.dll, TestPluginDiscoverer: Failed to get types from assembly 'Microsoft.Diagnostics.NETCore.Client, Version=0.2.2.41902, Culture=neutral, PublicKeyToken=31bf3856ad364e35'.  Skipping test extension scan for this assembly.  Error: System.Reflection.ReflectionTypeLoadException: Unable to load one or more of the requested types.
Could not load file or assembly 'Microsoft.Bcl.AsyncInterfaces, Version=1.0.0.0, Culture=neutral, PublicKeyToken=cc7b13ffcd2ddd51'. The system cannot find the file specified.
   at System.Reflection.RuntimeModule.GetTypes(RuntimeModule module)
   at System.Reflection.RuntimeModule.GetTypes()
   at System.Reflection.Assembly.GetTypes()
   at Microsoft.VisualStudio.TestPlatform.Common.ExtensionFramework.TestPluginDiscoverer.GetTestExtensionsFromAssembly[TPluginInfo,TExtension](Assembly assembly, Dictionary`2 pluginInfos)
System.IO.FileNotFoundException: Could not load file or assembly 'Microsoft.Bcl.AsyncInterfaces, Version=1.0.0.0, Culture=neutral, PublicKeyToken=cc7b13ffcd2ddd51'. The system cannot find the file specified.
File name: 'Microsoft.Bcl.AsyncInterfaces, Version=1.0.0.0, Culture=neutral, PublicKeyToken=cc7b13ffcd2ddd51'
TpTrace Warning: 0 : 28076, 1, 2021/07/16, 16:55:23.620, 1181945931279, vstest.console.dll, LoaderExceptions: System.IO.FileNotFoundException: Could not load file or assembly 'Microsoft.Bcl.AsyncInterfaces, Version=1.0.0.0, Culture=neutral, PublicKeyToken=cc7b13ffcd2ddd51'. The system cannot find the file specified.
File name: 'Microsoft.Bcl.AsyncInterfaces, Version=1.0.0.0, Culture=neutral, PublicKeyToken=cc7b13ffcd2ddd51'
TpTrace Information: 0 : 28076, 1, 2021/07/16, 16:55:23.620, 1181945934091, vstest.console.dll, AssemblyResolver.OnResolve: Microsoft.TestPlatform.Extensions.BlameDataCollector: Resolving assembly.
TpTrace Information: 0 : 28076, 1, 2021/07/16, 16:55:23.620, 1181945935252, vstest.console.dll, AssemblyResolver.OnResolve: Microsoft.TestPlatform.Extensions.BlameDataCollector: Searching in: 'C:\Program Files\dotnet\sdk\5.0.302\Extensions'.
TpTrace Information: 0 : 28076, 1, 2021/07/16, 16:55:23.621, 1181945948808, vstest.console.dll, AssemblyResolver.OnResolve: Microsoft.TestPlatform.Extensions.BlameDataCollector: Loading assembly 'C:\Program Files\dotnet\sdk\5.0.302\Extensions\Microsoft.TestPlatform.Extensions.BlameDataCollector.dll'.
TpTrace Information: 0 : 28076, 1, 2021/07/16, 16:55:23.624, 1181945970521, vstest.console.dll, AssemblyResolver.OnResolve: Resolved assembly: Microsoft.TestPlatform.Extensions.BlameDataCollector, from path: C:\Program Files\dotnet\sdk\5.0.302\Extensions\Microsoft.TestPlatform.Extensions.BlameDataCollector.dll
TpTrace Information: 0 : 28076, 1, 2021/07/16, 16:55:23.625, 1181945988963, vstest.console.dll, AssemblyResolver.OnResolve: Microsoft.TestPlatform.Extensions.EventLogCollector: Resolving assembly.
TpTrace Information: 0 : 28076, 1, 2021/07/16, 16:55:23.626, 1181945990540, vstest.console.dll, AssemblyResolver.OnResolve: Microsoft.TestPlatform.Extensions.EventLogCollector: Searching in: 'C:\Program Files\dotnet\sdk\5.0.302\Extensions'.
TpTrace Information: 0 : 28076, 1, 2021/07/16, 16:55:23.626, 1181945997153, vstest.console.dll, AssemblyResolver.OnResolve: Microsoft.TestPlatform.Extensions.EventLogCollector: Loading assembly 'C:\Program Files\dotnet\sdk\5.0.302\Extensions\Microsoft.TestPlatform.Extensions.EventLogCollector.dll'.
TpTrace Information: 0 : 28076, 1, 2021/07/16, 16:55:23.627, 1181946002022, vstest.console.dll, AssemblyResolver.OnResolve: Resolved assembly: Microsoft.TestPlatform.Extensions.EventLogCollector, from path: C:\Program Files\dotnet\sdk\5.0.302\Extensions\Microsoft.TestPlatform.Extensions.EventLogCollector.dll
TpTrace Information: 0 : 28076, 1, 2021/07/16, 16:55:23.630, 1181946029829, vstest.console.dll, AssemblyResolver.OnResolve: Microsoft.TestPlatform.TestHostRuntimeProvider: Resolving assembly.
TpTrace Information: 0 : 28076, 1, 2021/07/16, 16:55:23.630, 1181946030842, vstest.console.dll, AssemblyResolver.OnResolve: Microsoft.TestPlatform.TestHostRuntimeProvider: Searching in: 'C:\Program Files\dotnet\sdk\5.0.302\Extensions'.
TpTrace Information: 0 : 28076, 1, 2021/07/16, 16:55:23.630, 1181946037322, vstest.console.dll, AssemblyResolver.OnResolve: Microsoft.TestPlatform.TestHostRuntimeProvider: Loading assembly 'C:\Program Files\dotnet\sdk\5.0.302\Extensions\Microsoft.TestPlatform.TestHostRuntimeProvider.dll'.
TpTrace Information: 0 : 28076, 1, 2021/07/16, 16:55:23.631, 1181946045604, vstest.console.dll, AssemblyResolver.OnResolve: Resolved assembly: Microsoft.TestPlatform.TestHostRuntimeProvider, from path: C:\Program Files\dotnet\sdk\5.0.302\Extensions\Microsoft.TestPlatform.TestHostRuntimeProvider.dll
TpTrace Information: 0 : 28076, 1, 2021/07/16, 16:55:23.633, 1181946062735, vstest.console.dll, AssemblyResolver.OnResolve: Microsoft.VisualStudio.TestPlatform.Extensions.Html.TestLogger: Resolving assembly.
TpTrace Information: 0 : 28076, 1, 2021/07/16, 16:55:23.633, 1181946063734, vstest.console.dll, AssemblyResolver.OnResolve: Microsoft.VisualStudio.TestPlatform.Extensions.Html.TestLogger: Searching in: 'C:\Program Files\dotnet\sdk\5.0.302\Extensions'.
TpTrace Information: 0 : 28076, 1, 2021/07/16, 16:55:23.634, 1181946069470, vstest.console.dll, AssemblyResolver.OnResolve: Microsoft.VisualStudio.TestPlatform.Extensions.Html.TestLogger: Loading assembly 'C:\Program Files\dotnet\sdk\5.0.302\Extensions\Microsoft.VisualStudio.TestPlatform.Extensions.Html.TestLogger.dll'.
TpTrace Information: 0 : 28076, 1, 2021/07/16, 16:55:23.634, 1181946075111, vstest.console.dll, AssemblyResolver.OnResolve: Resolved assembly: Microsoft.VisualStudio.TestPlatform.Extensions.Html.TestLogger, from path: C:\Program Files\dotnet\sdk\5.0.302\Extensions\Microsoft.VisualStudio.TestPlatform.Extensions.Html.TestLogger.dll
TpTrace Information: 0 : 28076, 1, 2021/07/16, 16:55:23.635, 1181946079204, vstest.console.dll, AssemblyResolver.OnResolve: Microsoft.VisualStudio.TestPlatform.Extensions.Trx.TestLogger: Resolving assembly.
TpTrace Information: 0 : 28076, 1, 2021/07/16, 16:55:23.635, 1181946079919, vstest.console.dll, AssemblyResolver.OnResolve: Microsoft.VisualStudio.TestPlatform.Extensions.Trx.TestLogger: Searching in: 'C:\Program Files\dotnet\sdk\5.0.302\Extensions'.
TpTrace Information: 0 : 28076, 1, 2021/07/16, 16:55:23.636, 1181946095571, vstest.console.dll, AssemblyResolver.OnResolve: Microsoft.VisualStudio.TestPlatform.Extensions.Trx.TestLogger: Loading assembly 'C:\Program Files\dotnet\sdk\5.0.302\Extensions\Microsoft.VisualStudio.TestPlatform.Extensions.Trx.TestLogger.dll'.
TpTrace Information: 0 : 28076, 1, 2021/07/16, 16:55:23.638, 1181946116050, vstest.console.dll, AssemblyResolver.OnResolve: Resolved assembly: Microsoft.VisualStudio.TestPlatform.Extensions.Trx.TestLogger, from path: C:\Program Files\dotnet\sdk\5.0.302\Extensions\Microsoft.VisualStudio.TestPlatform.Extensions.Trx.TestLogger.dll
TpTrace Verbose: 0 : 28076, 1, 2021/07/16, 16:55:23.640, 1181946129833, vstest.console.dll, TestPluginCache: Discovered the extensions using extension path ''.
TpTrace Verbose: 0 : 28076, 1, 2021/07/16, 16:55:23.640, 1181946131533, vstest.console.dll, TestPluginCache: Discoverers are ''.
TpTrace Verbose: 0 : 28076, 1, 2021/07/16, 16:55:23.640, 1181946132530, vstest.console.dll, TestPluginCache: Executors are ''.
TpTrace Verbose: 0 : 28076, 1, 2021/07/16, 16:55:23.640, 1181946133272, vstest.console.dll, TestPluginCache: Executors2 are ''.
TpTrace Verbose: 0 : 28076, 1, 2021/07/16, 16:55:23.640, 1181946133722, vstest.console.dll, TestPluginCache: Setting providers are ''.
TpTrace Verbose: 0 : 28076, 1, 2021/07/16, 16:55:23.640, 1181946134113, vstest.console.dll, TestPluginCache: Loggers are ''.
TpTrace Information: 0 : 28076, 1, 2021/07/16, 16:55:23.647, 1181946202939, vstest.console.dll, RunTestsArgumentProcessor:Execute: Test run is starting.
TpTrace Verbose: 0 : 28076, 1, 2021/07/16, 16:55:23.647, 1181946204095, vstest.console.dll, RunTestsArgumentProcessor:Execute: Queuing Test run.
TpTrace Information: 0 : 28076, 1, 2021/07/16, 16:55:23.647, 1181946206323, vstest.console.dll, TestRequestManager.RunTests: run tests started.
TpTrace Information: 0 : 28076, 1, 2021/07/16, 16:55:23.653, 1181946264054, vstest.console.dll, AssemblyMetadataProvider.GetFrameWork: Determined framework:'.NETCoreApp,Version=v5.0' for source: 'C:\Users\Mounika\Downloads\Collateral_loan Risk\LoanManagementMicroservice\LoanManagementMicroserviceTesting\bin\Debug\net5.0\fine-code-coverage\build-output\LoanManagementMicroserviceTesting.dll'
TpTrace Information: 0 : 28076, 1, 2021/07/16, 16:55:23.653, 1181946268317, vstest.console.dll, Determined framework for all sources: .NETCoreApp,Version=v5.0
TpTrace Information: 0 : 28076, 1, 2021/07/16, 16:55:23.654, 1181946278062, vstest.console.dll, AssemblyMetadataProvider.GetArchitecture: Determined architecture:AnyCPU info for assembly: C:\Users\Mounika\Downloads\Collateral_loan Risk\LoanManagementMicroservice\LoanManagementMicroserviceTesting\bin\Debug\net5.0\fine-code-coverage\build-output\LoanManagementMicroserviceTesting.dll
TpTrace Information: 0 : 28076, 1, 2021/07/16, 16:55:23.658, 1181946318944, vstest.console.dll, Determined platform for all sources: X64
TpTrace Information: 0 : 28076, 1, 2021/07/16, 16:55:23.663, 1181946360019, vstest.console.dll, Compatible sources list : 
TpTrace Information: 0 : 28076, 1, 2021/07/16, 16:55:23.663, 1181946361579, vstest.console.dll, C:\Users\Mounika\Downloads\Collateral_loan Risk\LoanManagementMicroservice\LoanManagementMicroserviceTesting\bin\Debug\net5.0\fine-code-coverage\build-output\LoanManagementMicroserviceTesting.dll
TpTrace Information: 0 : 28076, 1, 2021/07/16, 16:55:23.668, 1181946416702, vstest.console.dll, InferRunSettingsHelper.IsTestSettingsEnabled: Unable to navigate to RunSettings/MSTest. Current node: RunSettings
TpTrace Information: 0 : 28076, 1, 2021/07/16, 16:55:23.670, 1181946433676, vstest.console.dll, AssemblyResolver.OnResolve: Microsoft.VisualStudio.TestPlatform.Fakes: Resolving assembly.
TpTrace Information: 0 : 28076, 1, 2021/07/16, 16:55:23.670, 1181946435439, vstest.console.dll, AssemblyResolver.OnResolve: Microsoft.VisualStudio.TestPlatform.Fakes: Searching in: 'C:\Program Files\dotnet\sdk\5.0.302\Extensions'.
TpTrace Information: 0 : 28076, 1, 2021/07/16, 16:55:23.670, 1181946437284, vstest.console.dll, AssemblyResolver.OnResolve: Microsoft.VisualStudio.TestPlatform.Fakes: Assembly path does not exist: 'C:\Program Files\dotnet\sdk\5.0.302\Extensions\Microsoft.VisualStudio.TestPlatform.Fakes.dll', returning.
TpTrace Information: 0 : 28076, 1, 2021/07/16, 16:55:23.670, 1181946438925, vstest.console.dll, AssemblyResolver.OnResolve: Microsoft.VisualStudio.TestPlatform.Fakes: Assembly path does not exist: 'C:\Program Files\dotnet\sdk\5.0.302\Extensions\Microsoft.VisualStudio.TestPlatform.Fakes.exe', returning.
TpTrace Information: 0 : 28076, 1, 2021/07/16, 16:55:23.671, 1181946439855, vstest.console.dll, AssemblyResolver.OnResolve: Microsoft.VisualStudio.TestPlatform.Fakes: Searching in: 'C:\Program Files\dotnet\sdk\5.0.302'.
TpTrace Information: 0 : 28076, 1, 2021/07/16, 16:55:23.671, 1181946441482, vstest.console.dll, AssemblyResolver.OnResolve: Microsoft.VisualStudio.TestPlatform.Fakes: Assembly path does not exist: 'C:\Program Files\dotnet\sdk\5.0.302\Microsoft.VisualStudio.TestPlatform.Fakes.dll', returning.
TpTrace Information: 0 : 28076, 1, 2021/07/16, 16:55:23.671, 1181946443551, vstest.console.dll, AssemblyResolver.OnResolve: Microsoft.VisualStudio.TestPlatform.Fakes: Assembly path does not exist: 'C:\Program Files\dotnet\sdk\5.0.302\Microsoft.VisualStudio.TestPlatform.Fakes.exe', returning.
TpTrace Information: 0 : 28076, 1, 2021/07/16, 16:55:23.671, 1181946444445, vstest.console.dll, AssemblyResolver.OnResolve: Microsoft.VisualStudio.TestPlatform.Fakes: Failed to load assembly.
TpTrace Information: 0 : 28076, 1, 2021/07/16, 16:55:23.672, 1181946457258, vstest.console.dll, Failed to create newly implemented Fakes Configurator. Reason:System.IO.FileNotFoundException: Could not load file or assembly 'Microsoft.VisualStudio.TestPlatform.Fakes, Version=16.0.0.0, Culture=neutral, PublicKeyToken=null'. The system cannot find the file specified.
File name: 'Microsoft.VisualStudio.TestPlatform.Fakes, Version=16.0.0.0, Culture=neutral, PublicKeyToken=null'
   at System.Reflection.RuntimeAssembly.InternalLoad(ObjectHandleOnStack assemblyName, ObjectHandleOnStack requestingAssembly, StackCrawlMarkHandle stackMark, Boolean throwOnFileNotFound, ObjectHandleOnStack assemblyLoadContext, ObjectHandleOnStack retAssembly)
   at System.Reflection.RuntimeAssembly.InternalLoad(AssemblyName assemblyName, RuntimeAssembly requestingAssembly, StackCrawlMark& stackMark, Boolean throwOnFileNotFound, AssemblyLoadContext assemblyLoadContext)
   at System.Reflection.Assembly.Load(AssemblyName assemblyRef)
   at Microsoft.VisualStudio.TestPlatform.Common.Utilities.FakesUtilities.TryGetFakesCrossPlatformDataCollectorConfigurator() 
TpTrace Verbose: 0 : 28076, 1, 2021/07/16, 16:55:23.678, 1181946516921, vstest.console.dll, TestPluginCache.DiscoverTestExtensions: finding test extensions in assemblies ends with: TestLogger.dll TPluginInfo: Microsoft.VisualStudio.TestPlatform.Common.ExtensionFramework.Utilities.TestLoggerPluginInformation TExtension: Microsoft.VisualStudio.TestPlatform.ObjectModel.Client.ITestLogger
TpTrace Verbose: 0 : 28076, 1, 2021/07/16, 16:55:23.678, 1181946518727, vstest.console.dll, TestPluginCache.GetExtensionPaths: Filtered extension paths: 
TpTrace Verbose: 0 : 28076, 1, 2021/07/16, 16:55:23.679, 1181946519660, vstest.console.dll, TestPluginCache.GetExtensionPaths: Added default extension paths: C:\Program Files\dotnet\sdk\5.0.302\Extensions\Microsoft.Diagnostics.NETCore.Client.dll
C:\Program Files\dotnet\sdk\5.0.302\Extensions\Microsoft.TestPlatform.Extensions.BlameDataCollector.dll
C:\Program Files\dotnet\sdk\5.0.302\Extensions\Microsoft.TestPlatform.Extensions.EventLogCollector.dll
C:\Program Files\dotnet\sdk\5.0.302\Extensions\Microsoft.TestPlatform.TestHostRuntimeProvider.dll
C:\Program Files\dotnet\sdk\5.0.302\Extensions\Microsoft.VisualStudio.TestPlatform.Extensions.Html.TestLogger.dll
C:\Program Files\dotnet\sdk\5.0.302\Extensions\Microsoft.VisualStudio.TestPlatform.Extensions.Trx.TestLogger.dll
TpTrace Verbose: 0 : 28076, 1, 2021/07/16, 16:55:23.679, 1181946520646, vstest.console.dll, TestPluginCache.GetExtensionPaths: Added unfilterableExtensionPaths: 
TpTrace Information: 0 : 28076, 1, 2021/07/16, 16:55:23.679, 1181946523890, vstest.console.dll, AssemblyResolver.AddSearchDirectories: Adding more searchDirectories C:\Program Files\dotnet\sdk\5.0.302\Extensions,C:\Program Files\dotnet\sdk\5.0.302
TpTrace Verbose: 0 : 28076, 1, 2021/07/16, 16:55:23.679, 1181946524968, vstest.console.dll, TestPluginCache.DiscoverTestExtensions: Discovering the extensions using extension path.
TpTrace Verbose: 0 : 28076, 1, 2021/07/16, 16:55:23.679, 1181946525893, vstest.console.dll, TestPluginCache.GetExtensionPaths: Filtered extension paths: 
TpTrace Verbose: 0 : 28076, 1, 2021/07/16, 16:55:23.679, 1181946526706, vstest.console.dll, TestPluginCache.GetExtensionPaths: Added default extension paths: C:\Program Files\dotnet\sdk\5.0.302\Extensions\Microsoft.Diagnostics.NETCore.Client.dll
C:\Program Files\dotnet\sdk\5.0.302\Extensions\Microsoft.TestPlatform.Extensions.BlameDataCollector.dll
C:\Program Files\dotnet\sdk\5.0.302\Extensions\Microsoft.TestPlatform.Extensions.EventLogCollector.dll
C:\Program Files\dotnet\sdk\5.0.302\Extensions\Microsoft.TestPlatform.TestHostRuntimeProvider.dll
C:\Program Files\dotnet\sdk\5.0.302\Extensions\Microsoft.VisualStudio.TestPlatform.Extensions.Html.TestLogger.dll
C:\Program Files\dotnet\sdk\5.0.302\Extensions\Microsoft.VisualStudio.TestPlatform.Extensions.Trx.TestLogger.dll
TpTrace Verbose: 0 : 28076, 1, 2021/07/16, 16:55:23.679, 1181946527510, vstest.console.dll, TestPluginCache.GetExtensionPaths: Added unfilterableExtensionPaths: 
TpTrace Verbose: 0 : 28076, 1, 2021/07/16, 16:55:23.679, 1181946528465, vstest.console.dll, TestPluginCache.DiscoverTestExtensions: Discovering the extensions using allExtensionPaths: C:\Program Files\dotnet\sdk\5.0.302\Extensions\Microsoft.Diagnostics.NETCore.Client.dll
C:\Program Files\dotnet\sdk\5.0.302\Extensions\Microsoft.TestPlatform.Extensions.BlameDataCollector.dll
C:\Program Files\dotnet\sdk\5.0.302\Extensions\Microsoft.TestPlatform.Extensions.EventLogCollector.dll
C:\Program Files\dotnet\sdk\5.0.302\Extensions\Microsoft.TestPlatform.TestHostRuntimeProvider.dll
C:\Program Files\dotnet\sdk\5.0.302\Extensions\Microsoft.VisualStudio.TestPlatform.Extensions.Html.TestLogger.dll
C:\Program Files\dotnet\sdk\5.0.302\Extensions\Microsoft.VisualStudio.TestPlatform.Extensions.Trx.TestLogger.dll
TpTrace Information: 0 : 28076, 1, 2021/07/16, 16:55:23.680, 1181946529635, vstest.console.dll, AssemblyResolver.AddSearchDirectories: Adding more searchDirectories C:\Program Files\dotnet\sdk\5.0.302\Extensions,C:\Program Files\dotnet\sdk\5.0.302
TpTrace Information: 0 : 28076, 1, 2021/07/16, 16:55:23.680, 1181946530488, vstest.console.dll, AssemblyResolver.AddSearchDirectories: Adding more searchDirectories C:\Program Files\dotnet\sdk\5.0.302\Extensions,C:\Program Files\dotnet\sdk\5.0.302
TpTrace Information: 0 : 28076, 1, 2021/07/16, 16:55:23.680, 1181946531311, vstest.console.dll, AssemblyResolver.AddSearchDirectories: Adding more searchDirectories C:\Program Files\dotnet\sdk\5.0.302\Extensions,C:\Program Files\dotnet\sdk\5.0.302
TpTrace Information: 0 : 28076, 1, 2021/07/16, 16:55:23.680, 1181946531918, vstest.console.dll, AssemblyResolver.AddSearchDirectories: Adding more searchDirectories C:\Program Files\dotnet\sdk\5.0.302\Extensions,C:\Program Files\dotnet\sdk\5.0.302
TpTrace Information: 0 : 28076, 1, 2021/07/16, 16:55:23.680, 1181946532538, vstest.console.dll, AssemblyResolver.AddSearchDirectories: Adding more searchDirectories C:\Program Files\dotnet\sdk\5.0.302\Extensions,C:\Program Files\dotnet\sdk\5.0.302
TpTrace Information: 0 : 28076, 1, 2021/07/16, 16:55:23.680, 1181946532945, vstest.console.dll, AssemblyResolver.AddSearchDirectories: Adding more searchDirectories C:\Program Files\dotnet\sdk\5.0.302\Extensions,C:\Program Files\dotnet\sdk\5.0.302
TpTrace Information: 0 : 28076, 1, 2021/07/16, 16:55:23.680, 1181946536382, vstest.console.dll, AssemblyResolver.OnResolve: Microsoft.Bcl.AsyncInterfaces: Resolving assembly.
TpTrace Information: 0 : 28076, 1, 2021/07/16, 16:55:23.680, 1181946537132, vstest.console.dll, AssemblyResolver.OnResolve: Microsoft.Bcl.AsyncInterfaces: Resolved from cache.
TpTrace Verbose: 0 : 28076, 1, 2021/07/16, 16:55:23.680, 1181946537580, vstest.console.dll, CurrentDomainAssemblyResolve: Resolving assembly 'Microsoft.Bcl.AsyncInterfaces'.
TpTrace Information: 0 : 28076, 1, 2021/07/16, 16:55:23.680, 1181946538314, vstest.console.dll, AssemblyResolver.OnResolve: Microsoft.Bcl.AsyncInterfaces: Resolving assembly.
TpTrace Information: 0 : 28076, 1, 2021/07/16, 16:55:23.680, 1181946538763, vstest.console.dll, AssemblyResolver.OnResolve: Microsoft.Bcl.AsyncInterfaces: Resolved from cache.
TpTrace Verbose: 0 : 28076, 1, 2021/07/16, 16:55:23.681, 1181946539248, vstest.console.dll, CurrentDomainAssemblyResolve: Resolving assembly 'Microsoft.Bcl.AsyncInterfaces'.
TpTrace Verbose: 0 : 28076, 1, 2021/07/16, 16:55:23.681, 1181946539627, vstest.console.dll, CurrentDomainAssemblyResolve: Failed to resolve assembly 'Microsoft.Bcl.AsyncInterfaces'.
TpTrace Verbose: 0 : 28076, 1, 2021/07/16, 16:55:23.681, 1181946541598, vstest.console.dll, CurrentDomainAssemblyResolve: Failed to resolve assembly 'Microsoft.Bcl.AsyncInterfaces'.
TpTrace Warning: 0 : 28076, 1, 2021/07/16, 16:55:23.682, 1181946553360, vstest.console.dll, TestPluginDiscoverer: Failed to get types from assembly 'Microsoft.Diagnostics.NETCore.Client, Version=0.2.2.41902, Culture=neutral, PublicKeyToken=31bf3856ad364e35'.  Skipping test extension scan for this assembly.  Error: System.Reflection.ReflectionTypeLoadException: Unable to load one or more of the requested types.
Could not load file or assembly 'Microsoft.Bcl.AsyncInterfaces, Version=1.0.0.0, Culture=neutral, PublicKeyToken=cc7b13ffcd2ddd51'. The system cannot find the file specified.
   at System.Reflection.RuntimeModule.GetTypes(RuntimeModule module)
   at System.Reflection.RuntimeModule.GetTypes()
   at System.Reflection.Assembly.GetTypes()
   at Microsoft.VisualStudio.TestPlatform.Common.ExtensionFramework.TestPluginDiscoverer.GetTestExtensionsFromAssembly[TPluginInfo,TExtension](Assembly assembly, Dictionary`2 pluginInfos)
System.IO.FileNotFoundException: Could not load file or assembly 'Microsoft.Bcl.AsyncInterfaces, Version=1.0.0.0, Culture=neutral, PublicKeyToken=cc7b13ffcd2ddd51'. The system cannot find the file specified.
File name: 'Microsoft.Bcl.AsyncInterfaces, Version=1.0.0.0, Culture=neutral, PublicKeyToken=cc7b13ffcd2ddd51'
TpTrace Warning: 0 : 28076, 1, 2021/07/16, 16:55:23.682, 1181946555175, vstest.console.dll, LoaderExceptions: System.IO.FileNotFoundException: Could not load file or assembly 'Microsoft.Bcl.AsyncInterfaces, Version=1.0.0.0, Culture=neutral, PublicKeyToken=cc7b13ffcd2ddd51'. The system cannot find the file specified.
File name: 'Microsoft.Bcl.AsyncInterfaces, Version=1.0.0.0, Culture=neutral, PublicKeyToken=cc7b13ffcd2ddd51'
TpTrace Verbose: 0 : 28076, 1, 2021/07/16, 16:55:23.683, 1181946565788, vstest.console.dll, TestPluginCache: Discovered the extensions using extension path ''.
TpTrace Verbose: 0 : 28076, 1, 2021/07/16, 16:55:23.683, 1181946567036, vstest.console.dll, TestPluginCache: Discoverers are ''.
TpTrace Verbose: 0 : 28076, 1, 2021/07/16, 16:55:23.683, 1181946567768, vstest.console.dll, TestPluginCache: Executors are ''.
TpTrace Verbose: 0 : 28076, 1, 2021/07/16, 16:55:23.683, 1181946568573, vstest.console.dll, TestPluginCache: Executors2 are ''.
TpTrace Verbose: 0 : 28076, 1, 2021/07/16, 16:55:23.684, 1181946569258, vstest.console.dll, TestPluginCache: Setting providers are ''.
TpTrace Verbose: 0 : 28076, 1, 2021/07/16, 16:55:23.684, 1181946571036, vstest.console.dll, TestPluginCache: Loggers are 'logger://Microsoft/TestPlatform/Extensions/Blame/v1,logger://Microsoft/TestPlatform/HtmlLogger/v1,logger://Microsoft/TestPlatform/TrxLogger/v1'.
TpTrace Information: 0 : 28076, 1, 2021/07/16, 16:55:23.685, 1181946588216, vstest.console.dll, TestPluginManager.CreateTestExtension: Attempting to load test extension: Microsoft.TestPlatform.Extensions.BlameDataCollector.BlameLogger
TpTrace Information: 0 : 28076, 1, 2021/07/16, 16:55:23.706, 1181946797965, vstest.console.dll, TestPluginManager.CreateTestExtension: Attempting to load test extension: Microsoft.VisualStudio.TestPlatform.CrossPlatEngine.Hosting.DefaultTestHostManager
TpTrace Information: 0 : 28076, 1, 2021/07/16, 16:55:23.707, 1181946803447, vstest.console.dll, TestPluginManager.CreateTestExtension: Attempting to load test extension: Microsoft.VisualStudio.TestPlatform.CrossPlatEngine.Hosting.DotnetTestHostManager
TpTrace Verbose: 0 : 28076, 1, 2021/07/16, 16:55:23.708, 1181946812552, vstest.console.dll, TestEngine: Initializing Parallel Execution as MaxCpuCount is set to: 1
TpTrace Information: 0 : 28076, 1, 2021/07/16, 16:55:23.709, 1181946820137, vstest.console.dll, InferRunSettingsHelper.IsTestSettingsEnabled: Unable to navigate to RunSettings/MSTest. Current node: RunSettings
TpTrace Verbose: 0 : 28076, 1, 2021/07/16, 16:55:23.755, 1181947288213, vstest.console.dll, TestRequestSender is acting as server
TpTrace Verbose: 0 : 28076, 4, 2021/07/16, 16:55:23.770, 1181947434757, vstest.console.dll, DataCollectionRequestSender.InitializeCommunication : Initialize communication. 
TpTrace Information: 0 : 28076, 4, 2021/07/16, 16:55:23.799, 1181947724311, vstest.console.dll, Listening on Endpoint : 127.0.0.1:52686
TpTrace Verbose: 0 : 28076, 4, 2021/07/16, 16:55:23.828, 1181948015642, vstest.console.dll, DotnetDataCollectionLauncher: Full path of dotnet.exe is C:\Program Files\dotnet\dotnet.exe
TpTrace Verbose: 0 : 28076, 4, 2021/07/16, 16:55:23.829, 1181948020312, vstest.console.dll, DotnetDataCollectionLauncher: Adding  --runtimeconfig "C:\Program Files\dotnet\sdk\5.0.302\datacollector.runtimeconfig.json" in args
TpTrace Verbose: 0 : 28076, 4, 2021/07/16, 16:55:23.829, 1181948023495, vstest.console.dll, DotnetDataCollectionLauncher: Adding  --depsfile "C:\Program Files\dotnet\sdk\5.0.302\datacollector.deps.json" in args
TpTrace Information: 0 : 28076, 4, 2021/07/16, 16:55:23.850, 1181948236978, vstest.console.dll, ProxyDataCollectionManager.Initialize: Launched datacollector processId: 24736 port: 52686
TpTrace Information: 0 : 28076, 4, 2021/07/16, 16:55:23.851, 1181948240049, vstest.console.dll, ProxyDataCollectionManager.Initialize: waiting for connection with timeout: 90 seconds
TpTrace Verbose: 0 : 28076, 4, 2021/07/16, 16:55:23.851, 1181948241417, vstest.console.dll, DataCollectionRequestSender.WaitForRequestHandlerConnection : Waiting for connection with timeout: 90000
TpTrace Information: 0 : 28076, 7, 2021/07/16, 16:55:24.346, 1181953192803, vstest.console.dll, Using the buffer size of 16384 bytes
TpTrace Verbose: 0 : 28076, 4, 2021/07/16, 16:55:24.346, 1181953193928, vstest.console.dll, ProxyDataCollectionManager.InvokeDataCollectionServiceAction: Starting.
TpTrace Information: 0 : 28076, 7, 2021/07/16, 16:55:24.346, 1181953194623, vstest.console.dll, Accepted Client request and set the flag
TpTrace Information: 0 : 28076, 4, 2021/07/16, 16:55:24.346, 1181953197193, vstest.console.dll, ProxyDataCollectionManager.BeforeTestRunStart: Get environment variable and port for datacollector processId: 24736 port: 52686
TpTrace Verbose: 0 : 28076, 4, 2021/07/16, 16:55:24.347, 1181953200089, vstest.console.dll, DataCollectionRequestSender.SendBeforeTestRunStartAndGetResult : Send BeforeTestRunStart message with settingsXml <RunSettings><RunConfiguration><ResultsDirectory>C:\Users\Mounika\Downloads\Collateral_loan Risk\LoanManagementMicroservice\LoanManagementMicroserviceTesting\bin\Debug\net5.0\fine-code-coverage\coverage-tool-output</ResultsDirectory><TargetPlatform>X64</TargetPlatform><TargetFrameworkVersion>.NETCoreApp,Version=v5.0</TargetFrameworkVersion><DesignMode>False</DesignMode><CollectSourceInformation>False</CollectSourceInformation><TestAdaptersPaths>C:\Program Files\dotnet\sdk\5.0.302\Extensions</TestAdaptersPaths></RunConfiguration><LoggerRunSettings><Loggers><Logger friendlyName="blame" enabled="True" /><Logger friendlyName="Console" uri="logger://microsoft/TestPlatform/ConsoleLogger/v1" assemblyQualifiedName="Microsoft.VisualStudio.TestPlatform.CommandLine.Internal.ConsoleLogger, vstest.console, Version=15.0.0.0, Culture=neutral, PublicKeyToken=b03f5f7f11d50a3a" codeBase="C:\Program Files\dotnet\sdk\5.0.302\vstest.console.dll" enabled="True" /></Loggers></LoggerRunSettings><DataCollectionRunSettings><DataCollectors><DataCollector friendlyName="blame" enabled="True"><Configuration><ResultsDirectory>C:\Users\Mounika\Downloads\Collateral_loan Risk\LoanManagementMicroservice\LoanManagementMicroserviceTesting\bin\Debug\net5.0\fine-code-coverage\coverage-tool-output</ResultsDirectory></Configuration></DataCollector></DataCollectors></DataCollectionRunSettings></RunSettings> and sources System.Linq.Enumerable+Concat2Iterator`1[System.String]: 
TpTrace Verbose: 0 : 28076, 4, 2021/07/16, 16:55:24.583, 1181955565657, vstest.console.dll, DataCollectionRequestSender.SendBeforeTestRunStartAndGetResult : Received message: (DataCollection.SendMessage) -> {
  "FriendlyName": null,
  "Uri": null,
  "TestCaseId": "00000000-0000-0000-0000-000000000000",
  "Message": "Logging DataCollector Diagnostics in file: C:\\Users\\Mounika\\Downloads\\Collateral_loan Risk\\LoanManagementMicroservice\\LoanManagementMicroserviceTesting\\bin\\Debug\\net5.0\\fine-code-coverage\\coverage-tool-output\\diagnostics.datacollector.21-07-16_16-55-23_81359_4.log",
  "Level": 0
}
TpTrace Verbose: 0 : 28076, 4, 2021/07/16, 16:55:24.772, 1181957455250, vstest.console.dll, DataCollectionRequestSender.SendBeforeTestRunStartAndGetResult : Received message: (DataCollection.BeforeTestRunStartResult) -> {
  "EnvironmentVariables": {},
  "DataCollectionEventsPort": 52688
}
TpTrace Information: 0 : 28076, 4, 2021/07/16, 16:55:24.780, 1181957538542, vstest.console.dll, ProxyDataCollectionManager.BeforeTestRunStart: SendBeforeTestRunStartAndGetResult successful, env variable from datacollector:   and testhost port: 52688
TpTrace Information: 0 : 28076, 4, 2021/07/16, 16:55:24.781, 1181957540701, vstest.console.dll, ProxyDataCollectionManager.InvokeDataCollectionServiceAction: Completed.
TpTrace Verbose: 0 : 28076, 1, 2021/07/16, 16:55:24.781, 1181957548619, vstest.console.dll, TestRunRequest.ExecuteAsync: Creating test run request.
TpTrace Verbose: 0 : 28076, 1, 2021/07/16, 16:55:24.783, 1181957561130, vstest.console.dll, TestRunRequest.ExecuteAsync: Starting.
TpTrace Information: 0 : 28076, 1, 2021/07/16, 16:55:24.784, 1181957569219, vstest.console.dll, TestRunRequest.ExecuteAsync: Starting run with settings:TestRunCriteria:
   KeepAlive=False,FrequencyOfRunStatsChangeEvent=10,RunStatsChangeEventTimeout=00:00:01.5000000,TestCaseFilter=,TestExecutorLauncher=
   Settingsxml=<RunSettings>
  <RunConfiguration>
    <ResultsDirectory>C:\Users\Mounika\Downloads\Collateral_loan Risk\LoanManagementMicroservice\LoanManagementMicroserviceTesting\bin\Debug\net5.0\fine-code-coverage\coverage-tool-output</ResultsDirectory>
    <TargetPlatform>X64</TargetPlatform>
    <TargetFrameworkVersion>.NETCoreApp,Version=v5.0</TargetFrameworkVersion>
    <DesignMode>False</DesignMode>
    <CollectSourceInformation>False</CollectSourceInformation>
  </RunConfiguration>
  <LoggerRunSettings>
    <Loggers>
      <Logger friendlyName="blame" enabled="True" />
      <Logger friendlyName="Console" uri="logger://microsoft/TestPlatform/ConsoleLogger/v1" assemblyQualifiedName="Microsoft.VisualStudio.TestPlatform.CommandLine.Internal.ConsoleLogger, vstest.console, Version=15.0.0.0, Culture=neutral, PublicKeyToken=b03f5f7f11d50a3a" codeBase="C:\Program Files\dotnet\sdk\5.0.302\vstest.console.dll" enabled="True" />
    </Loggers>
  </LoggerRunSettings>
  <DataCollectionRunSettings>
    <DataCollectors>
      <DataCollector friendlyName="blame" enabled="True">
        <Configuration>
          <ResultsDirectory>C:\Users\Mounika\Downloads\Collateral_loan Risk\LoanManagementMicroservice\LoanManagementMicroserviceTesting\bin\Debug\net5.0\fine-code-coverage\coverage-tool-output</ResultsDirectory>
        </Configuration>
      </DataCollector>
    </DataCollectors>
  </DataCollectionRunSettings>
</RunSettings>

TpTrace Verbose: 0 : 28076, 1, 2021/07/16, 16:55:24.784, 1181957570321, vstest.console.dll, TestRunRequest.ExecuteAsync: Wait for the first run request is over.
TpTrace Verbose: 0 : 28076, 1, 2021/07/16, 16:55:24.784, 1181957577974, vstest.console.dll, ParallelProxyExecutionManager: Start execution. Total sources: 1
TpTrace Information: 0 : 28076, 1, 2021/07/16, 16:55:24.786, 1181957589987, vstest.console.dll, ProxyParallelExecutionManager: Triggering test run for next source: C:\Users\Mounika\Downloads\Collateral_loan Risk\LoanManagementMicroservice\LoanManagementMicroserviceTesting\bin\Debug\net5.0\fine-code-coverage\build-output\LoanManagementMicroserviceTesting.dll
TpTrace Verbose: 0 : 28076, 10, 2021/07/16, 16:55:24.786, 1181957593761, vstest.console.dll, ParallelProxyExecutionManager: Execution started. Started clients: 1
TpTrace Verbose: 0 : 28076, 1, 2021/07/16, 16:55:24.786, 1181957594877, vstest.console.dll, ProxyParallelExecutionManager: No sources available for execution.
TpTrace Information: 0 : 28076, 1, 2021/07/16, 16:55:24.786, 1181957596108, vstest.console.dll, TestRunRequest.ExecuteAsync: Started.
TpTrace Verbose: 0 : 28076, 1, 2021/07/16, 16:55:24.786, 1181957597875, vstest.console.dll, TestRunRequest.WaitForCompletion: Waiting with timeout -1.
TpTrace Verbose: 0 : 28076, 10, 2021/07/16, 16:55:24.786, 1181957598248, vstest.console.dll, TestRunRequest:SendTestRunMessage: Starting.
TpTrace Information: 0 : 28076, 10, 2021/07/16, 16:55:24.787, 1181957601039, vstest.console.dll, TestRunRequest:SendTestRunMessage: Completed.
TpTrace Verbose: 0 : 28076, 10, 2021/07/16, 16:55:24.787, 1181957604152, vstest.console.dll, ProxyExecutionManager: Test host is always Lazy initialize.
TpTrace Verbose: 0 : 28076, 10, 2021/07/16, 16:55:24.787, 1181957607483, vstest.console.dll, TestRequestSender.InitializeCommunication: initialize communication. 
TpTrace Information: 0 : 28076, 10, 2021/07/16, 16:55:24.788, 1181957614129, vstest.console.dll, SocketServer.Start: Listening on endpoint : 127.0.0.1:52689
TpTrace Verbose: 0 : 28076, 10, 2021/07/16, 16:55:24.789, 1181957624634, vstest.console.dll, DotnetTestHostmanager: Adding  --runtimeconfig "C:\Users\Mounika\Downloads\Collateral_loan Risk\LoanManagementMicroservice\LoanManagementMicroserviceTesting\bin\Debug\net5.0\fine-code-coverage\build-output\LoanManagementMicroserviceTesting.runtimeconfig.json" in args
TpTrace Verbose: 0 : 28076, 10, 2021/07/16, 16:55:24.789, 1181957626812, vstest.console.dll, DotnetTestHostmanager: Adding  --depsfile "C:\Users\Mounika\Downloads\Collateral_loan Risk\LoanManagementMicroservice\LoanManagementMicroserviceTesting\bin\Debug\net5.0\fine-code-coverage\build-output\LoanManagementMicroserviceTesting.deps.json" in args
TpTrace Verbose: 0 : 28076, 10, 2021/07/16, 16:55:24.794, 1181957678224, vstest.console.dll, DotnetTestHostManager: Testhost.exe/testhost.x86.exe found at path: C:\Users\Mounika\Downloads\Collateral_loan Risk\LoanManagementMicroservice\LoanManagementMicroserviceTesting\bin\Debug\net5.0\fine-code-coverage\build-output\testhost.exe
TpTrace Verbose: 0 : 28076, 10, 2021/07/16, 16:55:24.795, 1181957680380, vstest.console.dll, DotnetTestHostmanager: Full path of host exe is C:\Users\Mounika\Downloads\Collateral_loan Risk\LoanManagementMicroservice\LoanManagementMicroserviceTesting\bin\Debug\net5.0\fine-code-coverage\build-output\testhost.exe
TpTrace Verbose: 0 : 28076, 4, 2021/07/16, 16:55:24.798, 1181957713995, vstest.console.dll, DotnetTestHostManager: Starting process 'C:\Users\Mounika\Downloads\Collateral_loan Risk\LoanManagementMicroservice\LoanManagementMicroserviceTesting\bin\Debug\net5.0\fine-code-coverage\build-output\testhost.exe' with command line ' --runtimeconfig "C:\Users\Mounika\Downloads\Collateral_loan Risk\LoanManagementMicroservice\LoanManagementMicroserviceTesting\bin\Debug\net5.0\fine-code-coverage\build-output\LoanManagementMicroserviceTesting.runtimeconfig.json" --depsfile "C:\Users\Mounika\Downloads\Collateral_loan Risk\LoanManagementMicroservice\LoanManagementMicroserviceTesting\bin\Debug\net5.0\fine-code-coverage\build-output\LoanManagementMicroserviceTesting.deps.json" --port 52689 --endpoint 127.0.0.1:052689 --role client --parentprocessid 28076 --diag "C:\Users\Mounika\Downloads\Collateral_loan Risk\LoanManagementMicroservice\LoanManagementMicroserviceTesting\bin\Debug\net5.0\fine-code-coverage\coverage-tool-output\diagnostics.host.21-07-16_16-55-24_78894_10.log" --tracelevel 4 --datacollectionport 52688 --telemetryoptedin false'
TpTrace Verbose: 0 : 28076, 4, 2021/07/16, 16:55:24.808, 1181957811110, vstest.console.dll, Test Runtime launched
TpTrace Verbose: 0 : 28076, 10, 2021/07/16, 16:55:24.810, 1181957837844, vstest.console.dll, TestRequestSender.WaitForRequestHandlerConnection: waiting for connection with timeout: 90000
TpTrace Verbose: 0 : 28076, 4, 2021/07/16, 16:55:25.394, 1181963674329, vstest.console.dll, SocketServer.OnClientConnected: Client connected for endPoint: 127.0.0.1:52689, starting MessageLoopAsync:
TpTrace Verbose: 0 : 28076, 4, 2021/07/16, 16:55:25.394, 1181963678793, vstest.console.dll, TcpClientExtensions.MessageLoopAsync: Polling on remoteEndPoint: 127.0.0.1:52690 localEndPoint: 127.0.0.1:52689
TpTrace Verbose: 0 : 28076, 4, 2021/07/16, 16:55:25.736, 1181967095526, vstest.console.dll, TcpClientExtensions.MessageLoopAsync: NotifyDataAvailable remoteEndPoint: 127.0.0.1:52690 localEndPoint: 127.0.0.1:52689
TpTrace Verbose: 0 : 28076, 4, 2021/07/16, 16:55:25.737, 1181967100161, vstest.console.dll, TestRequestSender.CheckVersionWithTestHost: onMessageReceived received message: (ProtocolVersion) -> 5
TpTrace Verbose: 0 : 28076, 4, 2021/07/16, 16:55:25.737, 1181967107675, vstest.console.dll, TcpClientExtensions.MessageLoopAsync: Polling on remoteEndPoint: 127.0.0.1:52690 localEndPoint: 127.0.0.1:52689
TpTrace Verbose: 0 : 28076, 10, 2021/07/16, 16:55:25.738, 1181967110572, vstest.console.dll, TestPluginCache.GetExtensionPaths: Filtered extension paths: 
TpTrace Verbose: 0 : 28076, 10, 2021/07/16, 16:55:25.738, 1181967112802, vstest.console.dll, TestPluginCache.GetExtensionPaths: Added default extension paths: C:\Program Files\dotnet\sdk\5.0.302\Extensions\Microsoft.Diagnostics.NETCore.Client.dll
C:\Program Files\dotnet\sdk\5.0.302\Extensions\Microsoft.TestPlatform.Extensions.BlameDataCollector.dll
C:\Program Files\dotnet\sdk\5.0.302\Extensions\Microsoft.TestPlatform.Extensions.EventLogCollector.dll
C:\Program Files\dotnet\sdk\5.0.302\Extensions\Microsoft.TestPlatform.TestHostRuntimeProvider.dll
C:\Program Files\dotnet\sdk\5.0.302\Extensions\Microsoft.VisualStudio.TestPlatform.Extensions.Html.TestLogger.dll
C:\Program Files\dotnet\sdk\5.0.302\Extensions\Microsoft.VisualStudio.TestPlatform.Extensions.Trx.TestLogger.dll
TpTrace Verbose: 0 : 28076, 10, 2021/07/16, 16:55:25.738, 1181967113831, vstest.console.dll, TestPluginCache.GetExtensionPaths: Added unfilterableExtensionPaths: 
TpTrace Verbose: 0 : 28076, 10, 2021/07/16, 16:55:25.754, 1181967270295, vstest.console.dll, TestRequestSender.InitializeExecution: Sending initializing execution with message: {"Version":5,"MessageType":"TestExecution.Initialize","Payload":["C:\\Users\\Mounika\\Downloads\\Collateral_loan Risk\\LoanManagementMicroservice\\LoanManagementMicroserviceTesting\\bin\\Debug\\net5.0\\fine-code-coverage\\build-output\\NUnit3.TestAdapter.dll"]}
TpTrace Verbose: 0 : 28076, 4, 2021/07/16, 16:55:25.765, 1181967382878, vstest.console.dll, TcpClientExtensions.MessageLoopAsync: NotifyDataAvailable remoteEndPoint: 127.0.0.1:52690 localEndPoint: 127.0.0.1:52689
TpTrace Verbose: 0 : 28076, 4, 2021/07/16, 16:55:25.765, 1181967385807, vstest.console.dll, TestRequestSender.OnExecutionMessageReceived: Received message: {"Version":5,"MessageType":"TestSession.Message","Payload":{"MessageLevel":0,"Message":"Logging TestHost Diagnostics in file: C:\\Users\\Mounika\\Downloads\\Collateral_loan Risk\\LoanManagementMicroservice\\LoanManagementMicroserviceTesting\\bin\\Debug\\net5.0\\fine-code-coverage\\coverage-tool-output\\diagnostics.host.21-07-16_16-55-24_78894_10.log"}}
TpTrace Verbose: 0 : 28076, 4, 2021/07/16, 16:55:25.770, 1181967432852, vstest.console.dll, TestRunRequest:SendTestRunMessage: Starting.
TpTrace Information: 0 : 28076, 4, 2021/07/16, 16:55:25.770, 1181967435124, vstest.console.dll, TestRunRequest:SendTestRunMessage: Completed.
TpTrace Verbose: 0 : 28076, 4, 2021/07/16, 16:55:25.770, 1181967436103, vstest.console.dll, TcpClientExtensions.MessageLoopAsync: Polling on remoteEndPoint: 127.0.0.1:52690 localEndPoint: 127.0.0.1:52689
TpTrace Verbose: 0 : 28076, 10, 2021/07/16, 16:55:25.773, 1181967462096, vstest.console.dll, TestRequestSender.StartTestRun: Sending test run with message: {"Version":5,"MessageType":"TestExecution.StartWithSources","Payload":{"AdapterSourceMap":{"_none_":["C:\\Users\\Mounika\\Downloads\\Collateral_loan Risk\\LoanManagementMicroservice\\LoanManagementMicroserviceTesting\\bin\\Debug\\net5.0\\fine-code-coverage\\build-output\\LoanManagementMicroserviceTesting.dll"]},"RunSettings":"<RunSettings>\r\n  <RunConfiguration>\r\n    <ResultsDirectory>C:\\Users\\Mounika\\Downloads\\Collateral_loan Risk\\LoanManagementMicroservice\\LoanManagementMicroserviceTesting\\bin\\Debug\\net5.0\\fine-code-coverage\\coverage-tool-output</ResultsDirectory>\r\n    <TargetPlatform>X64</TargetPlatform>\r\n    <TargetFrameworkVersion>.NETCoreApp,Version=v5.0</TargetFrameworkVersion>\r\n    <DesignMode>False</DesignMode>\r\n    <CollectSourceInformation>False</CollectSourceInformation>\r\n  </RunConfiguration>\r\n  <LoggerRunSettings>\r\n    <Loggers>\r\n      <Logger friendlyName=\"blame\" enabled=\"True\" />\r\n      <Logger friendlyName=\"Console\" uri=\"logger://microsoft/TestPlatform/ConsoleLogger/v1\" assemblyQualifiedName=\"Microsoft.VisualStudio.TestPlatform.CommandLine.Internal.ConsoleLogger, vstest.console, Version=15.0.0.0, Culture=neutral, PublicKeyToken=b03f5f7f11d50a3a\" codeBase=\"C:\\Program Files\\dotnet\\sdk\\5.0.302\\vstest.console.dll\" enabled=\"True\" />\r\n    </Loggers>\r\n  </LoggerRunSettings>\r\n  <DataCollectionRunSettings>\r\n    <DataCollectors>\r\n      <DataCollector friendlyName=\"blame\" enabled=\"True\">\r\n        <Configuration>\r\n          <ResultsDirectory>C:\\Users\\Mounika\\Downloads\\Collateral_loan Risk\\LoanManagementMicroservice\\LoanManagementMicroserviceTesting\\bin\\Debug\\net5.0\\fine-code-coverage\\coverage-tool-output</ResultsDirectory>\r\n        </Configuration>\r\n      </DataCollector>\r\n    </DataCollectors>\r\n  </DataCollectionRunSettings>\r\n</RunSettings>","TestExecutionContext":{"FrequencyOfRunStatsChangeEvent":10,"RunStatsChangeEventTimeout":"00:00:01.5000000","InIsolation":false,"KeepAlive":false,"AreTestCaseLevelEventsRequired":false,"IsDebug":false,"TestCaseFilter":null,"FilterOptions":null},"Package":null}}
TpTrace Verbose: 0 : 28076, 4, 2021/07/16, 16:55:26.135, 1181971086384, vstest.console.dll, TcpClientExtensions.MessageLoopAsync: NotifyDataAvailable remoteEndPoint: 127.0.0.1:52690 localEndPoint: 127.0.0.1:52689
TpTrace Verbose: 0 : 28076, 4, 2021/07/16, 16:55:26.135, 1181971088952, vstest.console.dll, TestRequestSender.OnExecutionMessageReceived: Received message: {"Version":5,"MessageType":"TestSession.Message","Payload":{"MessageLevel":0,"Message":"NUnit Adapter 3.17.0.0: Test execution started"}}
TpTrace Verbose: 0 : 28076, 4, 2021/07/16, 16:55:26.136, 1181971094976, vstest.console.dll, TestRunRequest:SendTestRunMessage: Starting.
TpTrace Information: 0 : 28076, 4, 2021/07/16, 16:55:26.136, 1181971096556, vstest.console.dll, TestRunRequest:SendTestRunMessage: Completed.
TpTrace Verbose: 0 : 28076, 4, 2021/07/16, 16:55:26.136, 1181971097569, vstest.console.dll, TcpClientExtensions.MessageLoopAsync: Polling on remoteEndPoint: 127.0.0.1:52690 localEndPoint: 127.0.0.1:52689
TpTrace Verbose: 0 : 28076, 4, 2021/07/16, 16:55:26.223, 1181971959976, vstest.console.dll, TcpClientExtensions.MessageLoopAsync: NotifyDataAvailable remoteEndPoint: 127.0.0.1:52690 localEndPoint: 127.0.0.1:52689
TpTrace Verbose: 0 : 28076, 4, 2021/07/16, 16:55:26.223, 1181971961957, vstest.console.dll, TestRequestSender.OnExecutionMessageReceived: Received message: {"Version":5,"MessageType":"TestSession.Message","Payload":{"MessageLevel":0,"Message":"Running all tests in C:\\Users\\Mounika\\Downloads\\Collateral_loan Risk\\LoanManagementMicroservice\\LoanManagementMicroserviceTesting\\bin\\Debug\\net5.0\\fine-code-coverage\\build-output\\LoanManagementMicroserviceTesting.dll"}}
TpTrace Verbose: 0 : 28076, 4, 2021/07/16, 16:55:26.223, 1181971964704, vstest.console.dll, TestRunRequest:SendTestRunMessage: Starting.
TpTrace Information: 0 : 28076, 4, 2021/07/16, 16:55:26.223, 1181971965854, vstest.console.dll, TestRunRequest:SendTestRunMessage: Completed.
TpTrace Verbose: 0 : 28076, 4, 2021/07/16, 16:55:26.223, 1181971966564, vstest.console.dll, TcpClientExtensions.MessageLoopAsync: Polling on remoteEndPoint: 127.0.0.1:52690 localEndPoint: 127.0.0.1:52689
TpTrace Verbose: 0 : 28076, 4, 2021/07/16, 16:55:26.667, 1181976402057, vstest.console.dll, TcpClientExtensions.MessageLoopAsync: NotifyDataAvailable remoteEndPoint: 127.0.0.1:52690 localEndPoint: 127.0.0.1:52689
TpTrace Verbose: 0 : 28076, 4, 2021/07/16, 16:55:26.667, 1181976404955, vstest.console.dll, TestRequestSender.OnExecutionMessageReceived: Received message: {"Version":5,"MessageType":"TestSession.Message","Payload":{"MessageLevel":0,"Message":"   NUnit3TestExecutor discovered 24 of 24 NUnit test cases"}}
TpTrace Verbose: 0 : 28076, 4, 2021/07/16, 16:55:26.667, 1181976408696, vstest.console.dll, TestRunRequest:SendTestRunMessage: Starting.
TpTrace Information: 0 : 28076, 4, 2021/07/16, 16:55:26.668, 1181976411300, vstest.console.dll, TestRunRequest:SendTestRunMessage: Completed.
TpTrace Verbose: 0 : 28076, 4, 2021/07/16, 16:55:26.668, 1181976412265, vstest.console.dll, TcpClientExtensions.MessageLoopAsync: Polling on remoteEndPoint: 127.0.0.1:52690 localEndPoint: 127.0.0.1:52689
TpTrace Verbose: 0 : 28076, 4, 2021/07/16, 16:55:27.495, 1181984684720, vstest.console.dll, TcpClientExtensions.MessageLoopAsync: NotifyDataAvailable remoteEndPoint: 127.0.0.1:52690 localEndPoint: 127.0.0.1:52689
TpTrace Verbose: 0 : 28076, 4, 2021/07/16, 16:55:27.495, 1181984688712, vstest.console.dll, TestRequestSender.OnExecutionMessageReceived: Received message: {"Version":5,"MessageType":"TestExecution.StatsChange","Payload":{"NewTestResults":[],"TestRunStatistics":{"ExecutedTests":0,"Stats":{}},"ActiveTests":[{"Id":"b11cd6f2-69ba-b314-5e10-8193f252c2ae","FullyQualifiedName":"LoanManagementMicroserviceTesting.savecollateralrealestatetest.ControllerTestFailsaverealestateCollateral(LoanManagementMicroservice.Models.Collateral_Realestate)","DisplayName":"ControllerTestFailsaverealestateCollateral(LoanManagementMicroservice.Models.Collateral_Realestate)","ExecutorUri":"executor://NUnit3TestExecutor","Source":"C:\\Users\\Mounika\\Downloads\\Collateral_loan Risk\\LoanManagementMicroservice\\LoanManagementMicroserviceTesting\\bin\\Debug\\net5.0\\fine-code-coverage\\build-output\\LoanManagementMicroserviceTesting.dll","CodeFilePath":null,"LineNumber":0,"Properties":[]}]}}
TpTrace Verbose: 0 : 28076, 4, 2021/07/16, 16:55:27.524, 1181984978584, vstest.console.dll, TestRunRequest:SendTestRunStatsChange: Starting.
TpTrace Verbose: 0 : 28076, 4, 2021/07/16, 16:55:27.525, 1181984981329, vstest.console.dll, InProgress is ControllerTestFailsaverealestateCollateral(LoanManagementMicroservice.Models.Collateral_Realestate)
TpTrace Information: 0 : 28076, 4, 2021/07/16, 16:55:27.525, 1181984983761, vstest.console.dll, TestRunRequest:SendTestRunStatsChange: Completed.
TpTrace Verbose: 0 : 28076, 4, 2021/07/16, 16:55:27.525, 1181984984949, vstest.console.dll, TcpClientExtensions.MessageLoopAsync: Polling on remoteEndPoint: 127.0.0.1:52690 localEndPoint: 127.0.0.1:52689
TpTrace Verbose: 0 : 28076, 4, 2021/07/16, 16:55:28.540, 1181995135871, vstest.console.dll, TcpClientExtensions.MessageLoopAsync: Polling on remoteEndPoint: 127.0.0.1:52690 localEndPoint: 127.0.0.1:52689
TpTrace Verbose: 0 : 28076, 4, 2021/07/16, 16:55:29.025, 1181999984213, vstest.console.dll, TcpClientExtensions.MessageLoopAsync: NotifyDataAvailable remoteEndPoint: 127.0.0.1:52690 localEndPoint: 127.0.0.1:52689
TpTrace Verbose: 0 : 28076, 4, 2021/07/16, 16:55:29.026, 1181999989347, vstest.console.dll, TestRequestSender.OnExecutionMessageReceived: Received message: {"Version":5,"MessageType":"TestExecution.StatsChange","Payload":{"NewTestResults":[{"TestCase":{"Id":"b11cd6f2-69ba-b314-5e10-8193f252c2ae","FullyQualifiedName":"LoanManagementMicroserviceTesting.savecollateralrealestatetest.ControllerTestFailsaverealestateCollateral(LoanManagementMicroservice.Models.Collateral_Realestate)","DisplayName":"ControllerTestFailsaverealestateCollateral(LoanManagementMicroservice.Models.Collateral_Realestate)","ExecutorUri":"executor://NUnit3TestExecutor","Source":"C:\\Users\\Mounika\\Downloads\\Collateral_loan Risk\\LoanManagementMicroservice\\LoanManagementMicroserviceTesting\\bin\\Debug\\net5.0\\fine-code-coverage\\build-output\\LoanManagementMicroserviceTesting.dll","CodeFilePath":null,"LineNumber":0,"Properties":[]},"Attachments":[],"Outcome":1,"ErrorMessage":null,"ErrorStackTrace":null,"DisplayName":"ControllerTestFailsaverealestateCollateral(LoanManagementMicroservice.Models.Collateral_Realestate)","Messages":[],"ComputerName":"DESKTOP-0Q154LM","Duration":"00:00:00.8428280","StartTime":"2021-07-16T11:25:26.7639389+00:00","EndTime":"2021-07-16T11:25:27.6065367+00:00","Properties":[]},{"TestCase":{"Id":"b11cd6f2-69ba-b314-5e10-8193f252c2ae","FullyQualifiedName":"LoanManagementMicroserviceTesting.savecollateralrealestatetest.ControllerTestFailsaverealestateCollateral(LoanManagementMicroservice.Models.Collateral_Realestate)","DisplayName":"ControllerTestFailsaverealestateCollateral(LoanManagementMicroservice.Models.Collateral_Realestate)","ExecutorUri":"executor://NUnit3TestExecutor","Source":"C:\\Users\\Mounika\\Downloads\\Collateral_loan Risk\\LoanManagementMicroservice\\LoanManagementMicroserviceTesting\\bin\\Debug\\net5.0\\fine-code-coverage\\build-output\\LoanManagementMicroserviceTesting.dll","CodeFilePath":null,"LineNumber":0,"Properties":[]},"Attachments":[],"Outcome":1,"ErrorMessage":null,"ErrorStackTrace":null,"DisplayName":"ControllerTestFailsaverealestateCollateral(LoanManagementMicroservice.Models.Collateral_Realestate)","Messages":[],"ComputerName":"DESKTOP-0Q154LM","Duration":"00:00:00.0024110","StartTime":"2021-07-16T11:25:27.6103902+00:00","EndTime":"2021-07-16T11:25:27.6128014+00:00","Properties":[]},{"TestCase":{"Id":"d3d22c56-3771-04a6-196f-91596a393b54","FullyQualifiedName":"LoanManagementMicroserviceTesting.savecollateralrealestatetest.ControllerTestPasssaverealestateCollateral(LoanManagementMicroservice.Models.Collateral_Realestate)","DisplayName":"ControllerTestPasssaverealestateCollateral(LoanManagementMicroservice.Models.Collateral_Realestate)","ExecutorUri":"executor://NUnit3TestExecutor","Source":"C:\\Users\\Mounika\\Downloads\\Collateral_loan Risk\\LoanManagementMicroservice\\LoanManagementMicroserviceTesting\\bin\\Debug\\net5.0\\fine-code-coverage\\build-output\\LoanManagementMicroserviceTesting.dll","CodeFilePath":null,"LineNumber":0,"Properties":[]},"Attachments":[],"Outcome":1,"ErrorMessage":null,"ErrorStackTrace":null,"DisplayName":"ControllerTestPasssaverealestateCollateral(LoanManagementMicroservice.Models.Collateral_Realestate)","Messages":[],"ComputerName":"DESKTOP-0Q154LM","Duration":"00:00:00.0021540","StartTime":"2021-07-16T11:25:27.6152226+00:00","EndTime":"2021-07-16T11:25:27.6173747+00:00","Properties":[]},{"TestCase":{"Id":"d3d22c56-3771-04a6-196f-91596a393b54","FullyQualifiedName":"LoanManagementMicroserviceTesting.savecollateralrealestatetest.ControllerTestPasssaverealestateCollateral(LoanManagementMicroservice.Models.Collateral_Realestate)","DisplayName":"ControllerTestPasssaverealestateCollateral(LoanManagementMicroservice.Models.Collateral_Realestate)","ExecutorUri":"executor://NUnit3TestExecutor","Source":"C:\\Users\\Mounika\\Downloads\\Collateral_loan Risk\\LoanManagementMicroservice\\LoanManagementMicroserviceTesting\\bin\\Debug\\net5.0\\fine-code-coverage\\build-output\\LoanManagementMicroserviceTesting.dll","CodeFilePath":null,"LineNumber":0,"Properties":[]},"Attachments":[],"Outcome":1,"ErrorMessage":null,"ErrorStackTrace":null,"DisplayName":"ControllerTestPasssaverealestateCollateral(LoanManagementMicroservice.Models.Collateral_Realestate)","Messages":[],"ComputerName":"DESKTOP-0Q154LM","Duration":"00:00:00.0008460","StartTime":"2021-07-16T11:25:27.6174004+00:00","EndTime":"2021-07-16T11:25:27.6182451+00:00","Properties":[]},{"TestCase":{"Id":"4e22dcf0-03ce-a903-9af3-4ac2d6bbae06","FullyQualifiedName":"LoanManagementMicroserviceTesting.savecollateralrealestatetest.RepositoryFailsaverealestatecollateral(LoanManagementMicroservice.Models.Collateral_Realestate)","DisplayName":"RepositoryFailsaverealestatecollateral(LoanManagementMicroservice.Models.Collateral_Realestate)","ExecutorUri":"executor://NUnit3TestExecutor","Source":"C:\\Users\\Mounika\\Downloads\\Collateral_loan Risk\\LoanManagementMicroservice\\LoanManagementMicroserviceTesting\\bin\\Debug\\net5.0\\fine-code-coverage\\build-output\\LoanManagementMicroserviceTesting.dll","CodeFilePath":null,"LineNumber":0,"Properties":[]},"Attachments":[],"Outcome":1,"ErrorMessage":null,"ErrorStackTrace":null,"DisplayName":"RepositoryFailsaverealestatecollateral(LoanManagementMicroservice.Models.Collateral_Realestate)","Messages":[],"ComputerName":"DESKTOP-0Q154LM","Duration":"00:00:01.3020270","StartTime":"2021-07-16T11:25:27.6183465+00:00","EndTime":"2021-07-16T11:25:28.9203708+00:00","Properties":[]},{"TestCase":{"Id":"4e22dcf0-03ce-a903-9af3-4ac2d6bbae06","FullyQualifiedName":"LoanManagementMicroserviceTesting.savecollateralrealestatetest.RepositoryFailsaverealestatecollateral(LoanManagementMicroservice.Models.Collateral_Realestate)","DisplayName":"RepositoryFailsaverealestatecollateral(LoanManagementMicroservice.Models.Collateral_Realestate)","ExecutorUri":"executor://NUnit3TestExecutor","Source":"C:\\Users\\Mounika\\Downloads\\Collateral_loan Risk\\LoanManagementMicroservice\\LoanManagementMicroserviceTesting\\bin\\Debug\\net5.0\\fine-code-coverage\\build-output\\LoanManagementMicroserviceTesting.dll","CodeFilePath":null,"LineNumber":0,"Properties":[]},"Attachments":[],"Outcome":1,"ErrorMessage":null,"ErrorStackTrace":null,"DisplayName":"RepositoryFailsaverealestatecollateral(LoanManagementMicroservice.Models.Collateral_Realestate)","Messages":[],"ComputerName":"DESKTOP-0Q154LM","Duration":"00:00:00.0783910","StartTime":"2021-07-16T11:25:28.9206043+00:00","EndTime":"2021-07-16T11:25:28.998995+00:00","Properties":[]}],"TestRunStatistics":{"ExecutedTests":6,"Stats":{"Passed":6}},"ActiveTests":[{"Id":"bea83ee1-1c65-f7d0-0c3d-5037ffa8cb29","FullyQualifiedName":"LoanManagementMicroserviceTesting.savecollateralrealestatetest.RepositoryPasssaverealestatecollateral(LoanManagementMicroservice.Models.Collateral_Realestate)","DisplayName":"RepositoryPasssaverealestatecollateral(LoanManagementMicroservice.Models.Collateral_Realestate)","ExecutorUri":"executor://NUnit3TestExecutor","Source":"C:\\Users\\Mounika\\Downloads\\Collateral_loan Risk\\LoanManagementMicroservice\\LoanManagementMicroserviceTesting\\bin\\Debug\\net5.0\\fine-code-coverage\\build-output\\LoanManagementMicroserviceTesting.dll","CodeFilePath":null,"LineNumber":0,"Properties":[]}]}}
TpTrace Verbose: 0 : 28076, 4, 2021/07/16, 16:55:29.059, 1182000322075, vstest.console.dll, TestRunRequest:SendTestRunStatsChange: Starting.
TpTrace Verbose: 0 : 28076, 4, 2021/07/16, 16:55:29.059, 1182000323701, vstest.console.dll, InProgress is RepositoryPasssaverealestatecollateral(LoanManagementMicroservice.Models.Collateral_Realestate)
TpTrace Information: 0 : 28076, 4, 2021/07/16, 16:55:29.059, 1182000327248, vstest.console.dll, TestRunRequest:SendTestRunStatsChange: Completed.
TpTrace Verbose: 0 : 28076, 4, 2021/07/16, 16:55:29.059, 1182000328346, vstest.console.dll, TcpClientExtensions.MessageLoopAsync: Polling on remoteEndPoint: 127.0.0.1:52690 localEndPoint: 127.0.0.1:52689
TpTrace Verbose: 0 : 28076, 4, 2021/07/16, 16:55:29.119, 1182000927146, vstest.console.dll, TcpClientExtensions.MessageLoopAsync: NotifyDataAvailable remoteEndPoint: 127.0.0.1:52690 localEndPoint: 127.0.0.1:52689
TpTrace Verbose: 0 : 28076, 4, 2021/07/16, 16:55:29.120, 1182000932234, vstest.console.dll, TestRequestSender.OnExecutionMessageReceived: Received message: {"Version":5,"MessageType":"TestExecution.StatsChange","Payload":{"NewTestResults":[{"TestCase":{"Id":"bea83ee1-1c65-f7d0-0c3d-5037ffa8cb29","FullyQualifiedName":"LoanManagementMicroserviceTesting.savecollateralrealestatetest.RepositoryPasssaverealestatecollateral(LoanManagementMicroservice.Models.Collateral_Realestate)","DisplayName":"RepositoryPasssaverealestatecollateral(LoanManagementMicroservice.Models.Collateral_Realestate)","ExecutorUri":"executor://NUnit3TestExecutor","Source":"C:\\Users\\Mounika\\Downloads\\Collateral_loan Risk\\LoanManagementMicroservice\\LoanManagementMicroserviceTesting\\bin\\Debug\\net5.0\\fine-code-coverage\\build-output\\LoanManagementMicroserviceTesting.dll","CodeFilePath":null,"LineNumber":0,"Properties":[]},"Attachments":[],"Outcome":1,"ErrorMessage":null,"ErrorStackTrace":null,"DisplayName":"RepositoryPasssaverealestatecollateral(LoanManagementMicroservice.Models.Collateral_Realestate)","Messages":[],"ComputerName":"DESKTOP-0Q154LM","Duration":"00:00:00.0229800","StartTime":"2021-07-16T11:25:28.9994697+00:00","EndTime":"2021-07-16T11:25:29.0224476+00:00","Properties":[]},{"TestCase":{"Id":"bea83ee1-1c65-f7d0-0c3d-5037ffa8cb29","FullyQualifiedName":"LoanManagementMicroserviceTesting.savecollateralrealestatetest.RepositoryPasssaverealestatecollateral(LoanManagementMicroservice.Models.Collateral_Realestate)","DisplayName":"RepositoryPasssaverealestatecollateral(LoanManagementMicroservice.Models.Collateral_Realestate)","ExecutorUri":"executor://NUnit3TestExecutor","Source":"C:\\Users\\Mounika\\Downloads\\Collateral_loan Risk\\LoanManagementMicroservice\\LoanManagementMicroserviceTesting\\bin\\Debug\\net5.0\\fine-code-coverage\\build-output\\LoanManagementMicroserviceTesting.dll","CodeFilePath":null,"LineNumber":0,"Properties":[]},"Attachments":[],"Outcome":1,"ErrorMessage":null,"ErrorStackTrace":null,"DisplayName":"RepositoryPasssaverealestatecollateral(LoanManagementMicroservice.Models.Collateral_Realestate)","Messages":[],"ComputerName":"DESKTOP-0Q154LM","Duration":"00:00:00.0248090","StartTime":"2021-07-16T11:25:29.0230521+00:00","EndTime":"2021-07-16T11:25:29.0478611+00:00","Properties":[]},{"TestCase":{"Id":"48e93e59-bef2-226e-b6e4-efb3ad438ecf","FullyQualifiedName":"LoanManagementMicroserviceTesting.savecollateralscashdeposittest.ControllerTestFailsavecashCollateral(LoanManagementMicroservice.Models.Collateral_CashDeposits)","DisplayName":"ControllerTestFailsavecashCollateral(LoanManagementMicroservice.Models.Collateral_CashDeposits)","ExecutorUri":"executor://NUnit3TestExecutor","Source":"C:\\Users\\Mounika\\Downloads\\Collateral_loan Risk\\LoanManagementMicroservice\\LoanManagementMicroserviceTesting\\bin\\Debug\\net5.0\\fine-code-coverage\\build-output\\LoanManagementMicroserviceTesting.dll","CodeFilePath":null,"LineNumber":0,"Properties":[]},"Attachments":[],"Outcome":1,"ErrorMessage":null,"ErrorStackTrace":null,"DisplayName":"ControllerTestFailsavecashCollateral(LoanManagementMicroservice.Models.Collateral_CashDeposits)","Messages":[],"ComputerName":"DESKTOP-0Q154LM","Duration":"00:00:00.0066130","StartTime":"2021-07-16T11:25:29.0632807+00:00","EndTime":"2021-07-16T11:25:29.0698938+00:00","Properties":[]},{"TestCase":{"Id":"48e93e59-bef2-226e-b6e4-efb3ad438ecf","FullyQualifiedName":"LoanManagementMicroserviceTesting.savecollateralscashdeposittest.ControllerTestFailsavecashCollateral(LoanManagementMicroservice.Models.Collateral_CashDeposits)","DisplayName":"ControllerTestFailsavecashCollateral(LoanManagementMicroservice.Models.Collateral_CashDeposits)","ExecutorUri":"executor://NUnit3TestExecutor","Source":"C:\\Users\\Mounika\\Downloads\\Collateral_loan Risk\\LoanManagementMicroservice\\LoanManagementMicroserviceTesting\\bin\\Debug\\net5.0\\fine-code-coverage\\build-output\\LoanManagementMicroserviceTesting.dll","CodeFilePath":null,"LineNumber":0,"Properties":[]},"Attachments":[],"Outcome":1,"ErrorMessage":null,"ErrorStackTrace":null,"DisplayName":"ControllerTestFailsavecashCollateral(LoanManagementMicroservice.Models.Collateral_CashDeposits)","Messages":[],"ComputerName":"DESKTOP-0Q154LM","Duration":"00:00:00.0031860","StartTime":"2021-07-16T11:25:29.0706547+00:00","EndTime":"2021-07-16T11:25:29.0738416+00:00","Properties":[]},{"TestCase":{"Id":"cdd10886-14bd-518d-4851-b456d0595ea0","FullyQualifiedName":"LoanManagementMicroserviceTesting.savecollateralscashdeposittest.ControllerTestPasssavecashCollateral(LoanManagementMicroservice.Models.Collateral_CashDeposits)","DisplayName":"ControllerTestPasssavecashCollateral(LoanManagementMicroservice.Models.Collateral_CashDeposits)","ExecutorUri":"executor://NUnit3TestExecutor","Source":"C:\\Users\\Mounika\\Downloads\\Collateral_loan Risk\\LoanManagementMicroservice\\LoanManagementMicroserviceTesting\\bin\\Debug\\net5.0\\fine-code-coverage\\build-output\\LoanManagementMicroserviceTesting.dll","CodeFilePath":null,"LineNumber":0,"Properties":[]},"Attachments":[],"Outcome":1,"ErrorMessage":null,"ErrorStackTrace":null,"DisplayName":"ControllerTestPasssavecashCollateral(LoanManagementMicroservice.Models.Collateral_CashDeposits)","Messages":[],"ComputerName":"DESKTOP-0Q154LM","Duration":"00:00:00.0029250","StartTime":"2021-07-16T11:25:29.0741101+00:00","EndTime":"2021-07-16T11:25:29.0770345+00:00","Properties":[]},{"TestCase":{"Id":"cdd10886-14bd-518d-4851-b456d0595ea0","FullyQualifiedName":"LoanManagementMicroserviceTesting.savecollateralscashdeposittest.ControllerTestPasssavecashCollateral(LoanManagementMicroservice.Models.Collateral_CashDeposits)","DisplayName":"ControllerTestPasssavecashCollateral(LoanManagementMicroservice.Models.Collateral_CashDeposits)","ExecutorUri":"executor://NUnit3TestExecutor","Source":"C:\\Users\\Mounika\\Downloads\\Collateral_loan Risk\\LoanManagementMicroservice\\LoanManagementMicroserviceTesting\\bin\\Debug\\net5.0\\fine-code-coverage\\build-output\\LoanManagementMicroserviceTesting.dll","CodeFilePath":null,"LineNumber":0,"Properties":[]},"Attachments":[],"Outcome":1,"ErrorMessage":null,"ErrorStackTrace":null,"DisplayName":"ControllerTestPasssavecashCollateral(LoanManagementMicroservice.Models.Collateral_CashDeposits)","Messages":[],"ComputerName":"DESKTOP-0Q154LM","Duration":"00:00:00.0016660","StartTime":"2021-07-16T11:25:29.0770801+00:00","EndTime":"2021-07-16T11:25:29.078745+00:00","Properties":[]},{"TestCase":{"Id":"c9a8cf50-4970-3d6b-67b6-517f84df9a85","FullyQualifiedName":"LoanManagementMicroserviceTesting.savecollateralscashdeposittest.RepositoryFailsavecashcollateral(LoanManagementMicroservice.Models.Collateral_CashDeposits)","DisplayName":"RepositoryFailsavecashcollateral(LoanManagementMicroservice.Models.Collateral_CashDeposits)","ExecutorUri":"executor://NUnit3TestExecutor","Source":"C:\\Users\\Mounika\\Downloads\\Collateral_loan Risk\\LoanManagementMicroservice\\LoanManagementMicroserviceTesting\\bin\\Debug\\net5.0\\fine-code-coverage\\build-output\\LoanManagementMicroserviceTesting.dll","CodeFilePath":null,"LineNumber":0,"Properties":[]},"Attachments":[],"Outcome":1,"ErrorMessage":null,"ErrorStackTrace":null,"DisplayName":"RepositoryFailsavecashcollateral(LoanManagementMicroservice.Models.Collateral_CashDeposits)","Messages":[],"ComputerName":"DESKTOP-0Q154LM","Duration":"00:00:00.0182710","StartTime":"2021-07-16T11:25:29.0789435+00:00","EndTime":"2021-07-16T11:25:29.097214+00:00","Properties":[]},{"TestCase":{"Id":"c9a8cf50-4970-3d6b-67b6-517f84df9a85","FullyQualifiedName":"LoanManagementMicroserviceTesting.savecollateralscashdeposittest.RepositoryFailsavecashcollateral(LoanManagementMicroservice.Models.Collateral_CashDeposits)","DisplayName":"RepositoryFailsavecashcollateral(LoanManagementMicroservice.Models.Collateral_CashDeposits)","ExecutorUri":"executor://NUnit3TestExecutor","Source":"C:\\Users\\Mounika\\Downloads\\Collateral_loan Risk\\LoanManagementMicroservice\\LoanManagementMicroserviceTesting\\bin\\Debug\\net5.0\\fine-code-coverage\\build-output\\LoanManagementMicroserviceTesting.dll","CodeFilePath":null,"LineNumber":0,"Properties":[]},"Attachments":[],"Outcome":1,"ErrorMessage":null,"ErrorStackTrace":null,"DisplayName":"RepositoryFailsavecashcollateral(LoanManagementMicroservice.Models.Collateral_CashDeposits)","Messages":[],"ComputerName":"DESKTOP-0Q154LM","Duration":"00:00:00.0031330","StartTime":"2021-07-16T11:25:29.0972754+00:00","EndTime":"2021-07-16T11:25:29.1004083+00:00","Properties":[]},{"TestCase":{"Id":"e6593065-7cdf-19c9-5419-808d9f091299","FullyQualifiedName":"LoanManagementMicroserviceTesting.savecollateralscashdeposittest.RepositoryPasssavecashcollateral(LoanManagementMicroservice.Models.Collateral_CashDeposits)","DisplayName":"RepositoryPasssavecashcollateral(LoanManagementMicroservice.Models.Collateral_CashDeposits)","ExecutorUri":"executor://NUnit3TestExecutor","Source":"C:\\Users\\Mounika\\Downloads\\Collateral_loan Risk\\LoanManagementMicroservice\\LoanManagementMicroserviceTesting\\bin\\Debug\\net5.0\\fine-code-coverage\\build-output\\LoanManagementMicroserviceTesting.dll","CodeFilePath":null,"LineNumber":0,"Properties":[]},"Attachments":[],"Outcome":1,"ErrorMessage":null,"ErrorStackTrace":null,"DisplayName":"RepositoryPasssavecashcollateral(LoanManagementMicroservice.Models.Collateral_CashDeposits)","Messages":[],"ComputerName":"DESKTOP-0Q154LM","Duration":"00:00:00.0068850","StartTime":"2021-07-16T11:25:29.1008109+00:00","EndTime":"2021-07-16T11:25:29.1076954+00:00","Properties":[]}],"TestRunStatistics":{"ExecutedTests":15,"Stats":{"Passed":15}},"ActiveTests":[{"Id":"e6593065-7cdf-19c9-5419-808d9f091299","FullyQualifiedName":"LoanManagementMicroserviceTesting.savecollateralscashdeposittest.RepositoryPasssavecashcollateral(LoanManagementMicroservice.Models.Collateral_CashDeposits)","DisplayName":"RepositoryPasssavecashcollateral(LoanManagementMicroservice.Models.Collateral_CashDeposits)","ExecutorUri":"executor://NUnit3TestExecutor","Source":"C:\\Users\\Mounika\\Downloads\\Collateral_loan Risk\\LoanManagementMicroservice\\LoanManagementMicroserviceTesting\\bin\\Debug\\net5.0\\fine-code-coverage\\build-output\\LoanManagementMicroserviceTesting.dll","CodeFilePath":null,"LineNumber":0,"Properties":[]}]}}
TpTrace Verbose: 0 : 28076, 4, 2021/07/16, 16:55:29.124, 1182000972018, vstest.console.dll, TestRunRequest:SendTestRunStatsChange: Starting.
TpTrace Verbose: 0 : 28076, 4, 2021/07/16, 16:55:29.124, 1182000973818, vstest.console.dll, InProgress is RepositoryPasssavecashcollateral(LoanManagementMicroservice.Models.Collateral_CashDeposits)
TpTrace Information: 0 : 28076, 4, 2021/07/16, 16:55:29.124, 1182000975279, vstest.console.dll, TestRunRequest:SendTestRunStatsChange: Completed.
TpTrace Verbose: 0 : 28076, 4, 2021/07/16, 16:55:29.124, 1182000976131, vstest.console.dll, TcpClientExtensions.MessageLoopAsync: Polling on remoteEndPoint: 127.0.0.1:52690 localEndPoint: 127.0.0.1:52689
TpTrace Verbose: 0 : 28076, 4, 2021/07/16, 16:55:29.360, 1182003330363, vstest.console.dll, TcpClientExtensions.MessageLoopAsync: NotifyDataAvailable remoteEndPoint: 127.0.0.1:52690 localEndPoint: 127.0.0.1:52689
TpTrace Verbose: 0 : 28076, 4, 2021/07/16, 16:55:29.360, 1182003332287, vstest.console.dll, TestRequestSender.OnExecutionMessageReceived: Received message: {"Version":5,"MessageType":"TestSession.Message","Payload":{"MessageLevel":0,"Message":"NUnit Adapter 3.17.0.0: Test execution complete"}}
TpTrace Verbose: 0 : 28076, 4, 2021/07/16, 16:55:29.360, 1182003334625, vstest.console.dll, TestRunRequest:SendTestRunMessage: Starting.
TpTrace Information: 0 : 28076, 4, 2021/07/16, 16:55:29.360, 1182003335926, vstest.console.dll, TestRunRequest:SendTestRunMessage: Completed.
TpTrace Verbose: 0 : 28076, 4, 2021/07/16, 16:55:29.360, 1182003336790, vstest.console.dll, TcpClientExtensions.MessageLoopAsync: Polling on remoteEndPoint: 127.0.0.1:52690 localEndPoint: 127.0.0.1:52689
TpTrace Verbose: 0 : 28076, 4, 2021/07/16, 16:55:29.410, 1182003831505, vstest.console.dll, TcpClientExtensions.MessageLoopAsync: NotifyDataAvailable remoteEndPoint: 127.0.0.1:52690 localEndPoint: 127.0.0.1:52689
TpTrace Verbose: 0 : 28076, 4, 2021/07/16, 16:55:29.410, 1182003835172, vstest.console.dll, TestRequestSender.OnExecutionMessageReceived: Received message: {"Version":5,"MessageType":"TestExecution.Completed","Payload":{"TestRunCompleteArgs":{"TestRunStatistics":{"ExecutedTests":24,"Stats":{"Passed":24}},"IsCanceled":false,"IsAborted":false,"Error":null,"AttachmentSets":[],"ElapsedTimeInRunningTests":"00:00:03.2925361","Metrics":{}},"LastRunTests":{"NewTestResults":[{"TestCase":{"Id":"e6593065-7cdf-19c9-5419-808d9f091299","FullyQualifiedName":"LoanManagementMicroserviceTesting.savecollateralscashdeposittest.RepositoryPasssavecashcollateral(LoanManagementMicroservice.Models.Collateral_CashDeposits)","DisplayName":"RepositoryPasssavecashcollateral(LoanManagementMicroservice.Models.Collateral_CashDeposits)","ExecutorUri":"executor://NUnit3TestExecutor","Source":"C:\\Users\\Mounika\\Downloads\\Collateral_loan Risk\\LoanManagementMicroservice\\LoanManagementMicroserviceTesting\\bin\\Debug\\net5.0\\fine-code-coverage\\build-output\\LoanManagementMicroserviceTesting.dll","CodeFilePath":null,"LineNumber":0,"Properties":[]},"Attachments":[],"Outcome":1,"ErrorMessage":null,"ErrorStackTrace":null,"DisplayName":"RepositoryPasssavecashcollateral(LoanManagementMicroservice.Models.Collateral_CashDeposits)","Messages":[],"ComputerName":"DESKTOP-0Q154LM","Duration":"00:00:00.0043949","StartTime":"2021-07-16T11:25:29.107733+00:00","EndTime":"2021-07-16T11:25:29.1121263+00:00","Properties":[]},{"TestCase":{"Id":"ac203613-a951-eeec-1127-a1e4a1935821","FullyQualifiedName":"LoanManagementMicroserviceTesting.Tests.ControllerTestFailgetLoanDetails(-1,-11)","DisplayName":"ControllerTestFailgetLoanDetails(-1,-11)","ExecutorUri":"executor://NUnit3TestExecutor","Source":"C:\\Users\\Mounika\\Downloads\\Collateral_loan Risk\\LoanManagementMicroservice\\LoanManagementMicroserviceTesting\\bin\\Debug\\net5.0\\fine-code-coverage\\build-output\\LoanManagementMicroserviceTesting.dll","CodeFilePath":null,"LineNumber":0,"Properties":[]},"Attachments":[],"Outcome":1,"ErrorMessage":null,"ErrorStackTrace":null,"DisplayName":"ControllerTestFailgetLoanDetails(-1,-11)","Messages":[],"ComputerName":"DESKTOP-0Q154LM","Duration":"00:00:00.0089750","StartTime":"2021-07-16T11:25:29.1138989+00:00","EndTime":"2021-07-16T11:25:29.1228728+00:00","Properties":[]},{"TestCase":{"Id":"dedf8d3b-dda4-0e8f-ab2e-bdbfcbd82348","FullyQualifiedName":"LoanManagementMicroserviceTesting.Tests.ControllerTestFailgetLoanDetails(12,24)","DisplayName":"ControllerTestFailgetLoanDetails(12,24)","ExecutorUri":"executor://NUnit3TestExecutor","Source":"C:\\Users\\Mounika\\Downloads\\Collateral_loan Risk\\LoanManagementMicroservice\\LoanManagementMicroserviceTesting\\bin\\Debug\\net5.0\\fine-code-coverage\\build-output\\LoanManagementMicroserviceTesting.dll","CodeFilePath":null,"LineNumber":0,"Properties":[]},"Attachments":[],"Outcome":1,"ErrorMessage":null,"ErrorStackTrace":null,"DisplayName":"ControllerTestFailgetLoanDetails(12,24)","Messages":[],"ComputerName":"DESKTOP-0Q154LM","Duration":"00:00:00.0065790","StartTime":"2021-07-16T11:25:29.1242211+00:00","EndTime":"2021-07-16T11:25:29.1308003+00:00","Properties":[]},{"TestCase":{"Id":"9228b5fd-bd6e-a0ab-c958-9a1afab3c12c","FullyQualifiedName":"LoanManagementMicroserviceTesting.Tests.ControllerTestPassgetLoanDetails(1,101)","DisplayName":"ControllerTestPassgetLoanDetails(1,101)","ExecutorUri":"executor://NUnit3TestExecutor","Source":"C:\\Users\\Mounika\\Downloads\\Collateral_loan Risk\\LoanManagementMicroservice\\LoanManagementMicroserviceTesting\\bin\\Debug\\net5.0\\fine-code-coverage\\build-output\\LoanManagementMicroserviceTesting.dll","CodeFilePath":null,"LineNumber":0,"Properties":[]},"Attachments":[],"Outcome":1,"ErrorMessage":null,"ErrorStackTrace":null,"DisplayName":"ControllerTestPassgetLoanDetails(1,101)","Messages":[],"ComputerName":"DESKTOP-0Q154LM","Duration":"00:00:00.0060880","StartTime":"2021-07-16T11:25:29.1328133+00:00","EndTime":"2021-07-16T11:25:29.1388983+00:00","Properties":[]},{"TestCase":{"Id":"27e0163c-8b72-10ef-7a9c-3de5f094dbd6","FullyQualifiedName":"LoanManagementMicroserviceTesting.Tests.ControllerTestPassgetLoanDetails(2,102)","DisplayName":"ControllerTestPassgetLoanDetails(2,102)","ExecutorUri":"executor://NUnit3TestExecutor","Source":"C:\\Users\\Mounika\\Downloads\\Collateral_loan Risk\\LoanManagementMicroservice\\LoanManagementMicroserviceTesting\\bin\\Debug\\net5.0\\fine-code-coverage\\build-output\\LoanManagementMicroserviceTesting.dll","CodeFilePath":null,"LineNumber":0,"Properties":[]},"Attachments":[],"Outcome":1,"ErrorMessage":null,"ErrorStackTrace":null,"DisplayName":"ControllerTestPassgetLoanDetails(2,102)","Messages":[],"ComputerName":"DESKTOP-0Q154LM","Duration":"00:00:00.0060820","StartTime":"2021-07-16T11:25:29.1391789+00:00","EndTime":"2021-07-16T11:25:29.1452589+00:00","Properties":[]},{"TestCase":{"Id":"ef039bd2-0885-b32c-9c90-aad7a4b81856","FullyQualifiedName":"LoanManagementMicroserviceTesting.Tests.RepositoryFailgetLoanDetails(1,102)","DisplayName":"RepositoryFailgetLoanDetails(1,102)","ExecutorUri":"executor://NUnit3TestExecutor","Source":"C:\\Users\\Mounika\\Downloads\\Collateral_loan Risk\\LoanManagementMicroservice\\LoanManagementMicroserviceTesting\\bin\\Debug\\net5.0\\fine-code-coverage\\build-output\\LoanManagementMicroserviceTesting.dll","CodeFilePath":null,"LineNumber":0,"Properties":[]},"Attachments":[],"Outcome":1,"ErrorMessage":null,"ErrorStackTrace":null,"DisplayName":"RepositoryFailgetLoanDetails(1,102)","Messages":[],"ComputerName":"DESKTOP-0Q154LM","Duration":"00:00:00.1727070","StartTime":"2021-07-16T11:25:29.1495402+00:00","EndTime":"2021-07-16T11:25:29.3222458+00:00","Properties":[]},{"TestCase":{"Id":"c5cad299-045c-2404-9fb8-0406e76d06db","FullyQualifiedName":"LoanManagementMicroserviceTesting.Tests.RepositoryFailgetLoanDetails(5,7)","DisplayName":"RepositoryFailgetLoanDetails(5,7)","ExecutorUri":"executor://NUnit3TestExecutor","Source":"C:\\Users\\Mounika\\Downloads\\Collateral_loan Risk\\LoanManagementMicroservice\\LoanManagementMicroserviceTesting\\bin\\Debug\\net5.0\\fine-code-coverage\\build-output\\LoanManagementMicroserviceTesting.dll","CodeFilePath":null,"LineNumber":0,"Properties":[]},"Attachments":[],"Outcome":1,"ErrorMessage":null,"ErrorStackTrace":null,"DisplayName":"RepositoryFailgetLoanDetails(5,7)","Messages":[],"ComputerName":"DESKTOP-0Q154LM","Duration":"00:00:00.0069290","StartTime":"2021-07-16T11:25:29.3225603+00:00","EndTime":"2021-07-16T11:25:29.329488+00:00","Properties":[]},{"TestCase":{"Id":"788ba24e-2bdb-74a7-a948-731fe55a9125","FullyQualifiedName":"LoanManagementMicroserviceTesting.Tests.RepositoryPassgetLoanDetails(1,101)","DisplayName":"RepositoryPassgetLoanDetails(1,101)","ExecutorUri":"executor://NUnit3TestExecutor","Source":"C:\\Users\\Mounika\\Downloads\\Collateral_loan Risk\\LoanManagementMicroservice\\LoanManagementMicroserviceTesting\\bin\\Debug\\net5.0\\fine-code-coverage\\build-output\\LoanManagementMicroserviceTesting.dll","CodeFilePath":null,"LineNumber":0,"Properties":[]},"Attachments":[],"Outcome":1,"ErrorMessage":null,"ErrorStackTrace":null,"DisplayName":"RepositoryPassgetLoanDetails(1,101)","Messages":[],"ComputerName":"DESKTOP-0Q154LM","Duration":"00:00:00.0044840","StartTime":"2021-07-16T11:25:29.3304246+00:00","EndTime":"2021-07-16T11:25:29.3349078+00:00","Properties":[]},{"TestCase":{"Id":"96714503-539e-8fc7-448d-5537794d6042","FullyQualifiedName":"LoanManagementMicroserviceTesting.Tests.RepositoryPassgetLoanDetails(2,102)","DisplayName":"RepositoryPassgetLoanDetails(2,102)","ExecutorUri":"executor://NUnit3TestExecutor","Source":"C:\\Users\\Mounika\\Downloads\\Collateral_loan Risk\\LoanManagementMicroservice\\LoanManagementMicroserviceTesting\\bin\\Debug\\net5.0\\fine-code-coverage\\build-output\\LoanManagementMicroserviceTesting.dll","CodeFilePath":null,"LineNumber":0,"Properties":[]},"Attachments":[],"Outcome":1,"ErrorMessage":null,"ErrorStackTrace":null,"DisplayName":"RepositoryPassgetLoanDetails(2,102)","Messages":[],"ComputerName":"DESKTOP-0Q154LM","Duration":"00:00:00.0041950","StartTime":"2021-07-16T11:25:29.3349959+00:00","EndTime":"2021-07-16T11:25:29.3391895+00:00","Properties":[]}],"TestRunStatistics":{"ExecutedTests":24,"Stats":{"Passed":24}},"ActiveTests":[]},"RunAttachments":[],"ExecutorUris":["executor://nunit3testexecutor/"]}}
TpTrace Verbose: 0 : 28076, 4, 2021/07/16, 16:55:29.411, 1182003843764, vstest.console.dll, TestRequestSender.EndSession: Sending end session.
TpTrace Verbose: 0 : 28076, 4, 2021/07/16, 16:55:29.411, 1182003846043, vstest.console.dll, ProxyOperationManager.Close: waiting for test host to exit for 100 ms
TpTrace Warning: 0 : 28076, 9, 2021/07/16, 16:55:29.456, 1182004297387, vstest.console.dll, TestHostManagerCallbacks.ErrorReceivedCallback Test host standard error line: 
TpTrace Verbose: 0 : 28076, 12, 2021/07/16, 16:55:29.479, 1182004524118, vstest.console.dll, TestHostProvider.ExitCallBack: Host exited starting callback.
TpTrace Information: 0 : 28076, 12, 2021/07/16, 16:55:29.480, 1182004536327, vstest.console.dll, TestHostManagerCallbacks.ExitCallBack: Testhost processId: 18568 exited with exitcode: 0 error: ''
TpTrace Verbose: 0 : 28076, 12, 2021/07/16, 16:55:29.480, 1182004538187, vstest.console.dll, DotnetTestHostManager.OnHostExited: invoking OnHostExited callback
TpTrace Verbose: 0 : 28076, 12, 2021/07/16, 16:55:29.481, 1182004539846, vstest.console.dll, CrossPlatEngine.TestHostManagerHostExited: calling on client process exit callback.
TpTrace Information: 0 : 28076, 12, 2021/07/16, 16:55:29.481, 1182004541310, vstest.console.dll, TestRequestSender.OnClientProcessExit: Test host process exited. Standard error: 
TpTrace Warning: 0 : 28076, 4, 2021/07/16, 16:55:29.481, 1182004541303, vstest.console.dll, ProxyOperationManager: Timed out waiting for test host to exit. Will terminate process.
TpTrace Information: 0 : 28076, 12, 2021/07/16, 16:55:29.481, 1182004542439, vstest.console.dll, SocketServer.Stop: Stop server endPoint: 127.0.0.1:52689
TpTrace Information: 0 : 28076, 12, 2021/07/16, 16:55:29.481, 1182004544499, vstest.console.dll, SocketServer.Stop: Cancellation requested. Stopping message loop.
TpTrace Verbose: 0 : 28076, 4, 2021/07/16, 16:55:29.483, 1182004561365, vstest.console.dll, ProxyDataCollectionManager.InvokeDataCollectionServiceAction: Starting.
TpTrace Information: 0 : 28076, 4, 2021/07/16, 16:55:29.483, 1182004562934, vstest.console.dll, ProxyDataCollectionManager.AfterTestRunEnd: Get attachment set for datacollector processId: 24736 port: 52686
TpTrace Verbose: 0 : 28076, 4, 2021/07/16, 16:55:29.483, 1182004564055, vstest.console.dll, DataCollectionRequestSender.SendAfterTestRunStartAndGetResult : Send AfterTestRunEnd message with isCancelled: False
TpTrace Verbose: 0 : 28076, 4, 2021/07/16, 16:55:29.491, 1182004645628, vstest.console.dll, DataCollectionRequestSender.SendAfterTestRunStartAndGetResult : Received message: (DataCollection.AfterTestRunEndResult) -> {
  "AttachmentSets": [],
  "Metrics": {}
}
TpTrace Information: 0 : 28076, 4, 2021/07/16, 16:55:29.495, 1182004689206, vstest.console.dll, ProxyDataCollectionManager.InvokeDataCollectionServiceAction: Completed.
TpTrace Warning: 0 : 28076, 6, 2021/07/16, 16:55:29.502, 1182004756430, vstest.console.dll, DataCollectionLauncher.ErrorReceivedCallback datacollector standard error line: 
TpTrace Information: 0 : 28076, 12, 2021/07/16, 16:55:29.515, 1182004880539, vstest.console.dll, DataCollectionLauncher.ExitCallBack: Data collector exited with exitcode: 0 error: ''
TpTrace Verbose: 0 : 28076, 4, 2021/07/16, 16:55:29.558, 1182005316113, vstest.console.dll, TestRunRequest:SendTestRunStatsChange: Starting.
TpTrace Information: 0 : 28076, 4, 2021/07/16, 16:55:29.558, 1182005318673, vstest.console.dll, TestRunRequest:SendTestRunStatsChange: Completed.
TpTrace Verbose: 0 : 28076, 4, 2021/07/16, 16:55:29.559, 1182005323630, vstest.console.dll, ParallelProxyExecutionManager: HandlePartialRunComplete: Total completed clients = 1, Run complete = True, Run canceled: False.
TpTrace Verbose: 0 : 28076, 4, 2021/07/16, 16:55:29.617, 1182005906481, vstest.console.dll, TestRunRequest:TestRunComplete: Starting. IsAborted:False IsCanceled:False.
TpTrace Verbose: 0 : 28076, 4, 2021/07/16, 16:55:29.618, 1182005909772, vstest.console.dll, TestLoggerManager.HandleTestRunComplete: Ignoring as the object is disposed.
TpTrace Information: 0 : 28076, 4, 2021/07/16, 16:55:29.618, 1182005915024, vstest.console.dll, TestRunRequest:TestRunComplete: Completed.
TpTrace Verbose: 0 : 28076, 4, 2021/07/16, 16:55:29.618, 1182005916249, vstest.console.dll, TestRequestSender.SetOperationComplete: Setting operation complete.
TpTrace Verbose: 0 : 28076, 1, 2021/07/16, 16:55:29.618, 1182005917080, vstest.console.dll, TestRunRequest.Dispose: Starting.
TpTrace Information: 0 : 28076, 4, 2021/07/16, 16:55:29.618, 1182005917239, vstest.console.dll, SocketServer.Stop: Stop server endPoint: 127.0.0.1:52689
TpTrace Information: 0 : 28076, 1, 2021/07/16, 16:55:29.618, 1182005918972, vstest.console.dll, TestRunRequest.Dispose: Completed.
TpTrace Information: 0 : 28076, 4, 2021/07/16, 16:55:29.619, 1182005919848, vstest.console.dll, SocketServer.Stop: Cancellation requested. Stopping message loop.
TpTrace Information: 0 : 28076, 1, 2021/07/16, 16:55:29.619, 1182005921706, vstest.console.dll, TestRequestManager.RunTests: run tests completed.
TpTrace Information: 0 : 28076, 4, 2021/07/16, 16:55:29.619, 1182005922531, vstest.console.dll, SocketServer.PrivateStop: Stop server endPoint: 127.0.0.1:52689 error: 
TpTrace Information: 0 : 28076, 1, 2021/07/16, 16:55:29.619, 1182005927817, vstest.console.dll, RunTestsArgumentProcessor:Execute: Test run is completed.
TpTrace Verbose: 0 : 28076, 1, 2021/07/16, 16:55:29.620, 1182005931078, vstest.console.dll, Executor.Execute: Exiting with exit code of 0
TpTrace Verbose: 0 : 28076, 4, 2021/07/16, 16:55:29.620, 1182005936076, vstest.console.dll, LengthPrefixCommunicationChannel.Dispose: Dispose reader and writer.
TpTrace Information: 0 : 28076, 4, 2021/07/16, 16:55:29.620, 1182005937773, vstest.console.dll, SocketServer.Stop: Raise disconnected event endPoint: 127.0.0.1:52689 error: 
TpTrace Verbose: 0 : 28076, 4, 2021/07/16, 16:55:29.620, 1182005939107, vstest.console.dll, TestRequestSender: OnTestRunAbort: Operation is already complete. Skip error message.
TpTrace Verbose: 0 : 28076, 4, 2021/07/16, 16:55:29.621, 1182005939974, vstest.console.dll, TcpClientExtensions.MessageLoopAsync: exiting MessageLoopAsync remoteEndPoint: 127.0.0.1:52690 localEndPoint: 127.0.0.1:52689
